

  Data for ANEOS number  -1   library number    0  type 99     ver 09/30/13

  Water STS SLVTv0.3                                      RHUG= 1.00000D+00
                                                          THUG= 2.56800D-02

  IN( 1)= 2.000000000D+00  IN(17)= 0.000000000D+00  IN(33)= 0.000000000D+00
  IN( 2)= 4.000000000D+00  IN(18)= 0.000000000D+00  IN(34)= 0.000000000D+00
  IN( 3)= 1.250000000D+00  IN(19)= 0.000000000D+00  IN(35)= 0.000000000D+00
  IN( 4)= 1.500000000D+02  IN(20)= 0.000000000D+00  IN(36)= 3.000000000D+00
  IN( 5)= 1.000000000D+06  IN(21)= 0.000000000D+00  IN(37)= 4.670000000D+00
  IN( 6)= 2.700000000D+10  IN(22)= 0.000000000D+00  IN(38)= 3.000000000D+00
  IN( 7)= 6.000000000D-01  IN(23)= 1.400000000D+09  IN(39)= 9.600000000D-09
  IN( 8)=-2.900000000D+02  IN(24)= 8.900000000D-01  IN(40)= 3.000000000D+00
  IN( 9)= 1.000000000D+00  IN(25)= 0.000000000D+00  IN(41)= 2.000000000D+03
  IN(10)= 6.000000000D+00  IN(26)= 0.000000000D+00  IN(42)= 1.000000000D+00
  IN(11)= 2.900000000D+10  IN(27)= 5.000000000D-02  IN(43)= 1.500000000D+00
  IN(12)= 2.730000000D+02  IN(28)= 1.000000000D-01  IN(44)= 1.000000000D+00
  IN(13)= 0.000000000D+00  IN(29)= 2.000000000D-01  IN(45)= 1.000000000D-30
  IN(14)= 0.000000000D+00  IN(30)= 0.000000000D+00  IN(46)= 1.000000000D+05
  IN(15)= 0.000000000D+00  IN(31)=-4.000000000D-01  IN(47)= 0.000000000D+00
  IN(16)= 0.000000000D+00  IN(32)= 5.000000000D-01  IN(48)= 0.000000000D+00

  N0= 0.10030D+24 Mean atomic weight= 0.60048D+01
  Z( 1)=  1.  number fraction( 1)= 6.66700D-01  atoms/gram( 1)= 6.68733D+22
  Z( 2)=  8.  number fraction( 2)= 3.33300D-01  atoms/gram( 2)= 3.34316D+22


NEW: Cv adjust, QCC1, QCC6=   0.100000D+01   0.100000D-29   0.100000D+06


 WARNING message from ANEOS package - eos number    -1

 IN(17) has been increased from 1.00000D+00 to 1.00860D+00 for the melt transition



  REFERENCE POINT CONDITIONS

  T=   1.292475D-02      RHO=    1.250000D+00      P=   1.000000D+06
  E=   1.832568D+09      DPDT=   1.937205D+11      CV=  2.845728D+11
  S=   1.533813D+11      DPDR=   2.160000D+10      B0=  2.700000D+10
  CS=  1.506348D+05      GAMMA=  5.445931D-01


  TWO-PHASE CALCULATION FOR MATERIAL     1

  CRITICAL POINT
  RHO=  1.6308336D-01       T=  5.9963332D-02         P=  1.2269058D+08
  E=  2.7480354D+10         S=  8.9702497D+11         NTY=   35


  TWO-PHASE BOUNDARIES
       T         RHOLIQ        RHOVAP        PLIQ         PVAP        ELIQ         EVAP         SLIQ         SVAP        GLIQ         GVAP         PSILIQ      PSIVAP         NTY
       K         kg/m**3       kg/m**3       GPa          GPa         J/kg         J/kg        J/kg-K       J/kg-K       J/kg         J/kg

  6.95913D+02  1.63083D+02  1.63083D+02  1.22691D-02  1.22691D-02  2.74804D+06  2.74804D+06  7.72966D+03  7.72966D+03 -2.55559D+06 -2.55559D+06  1.15214D+01  1.15214D+01      0
  6.88864D+02  2.29514D+02  1.09536D+02  1.14125D-02  1.14125D-02  2.56331D+06  2.89802D+06  7.43254D+03  7.99752D+03 -2.50667D+06 -2.50667D+06  6.03085D+00  1.37319D+01     11
  6.81816D+02  2.61035D+02  9.09162D+01  1.05998D-02  1.05998D-02  2.47705D+06  2.94959D+06  7.29822D+03  8.10276D+03 -2.45809D+06 -2.45809D+06  5.12517D+00  1.65397D+01     10
  6.74767D+02  2.86877D+02  7.79859D+01  9.82990D-03  9.82990D-03  2.40713D+06  2.98485D+06  7.18994D+03  8.18219D+03 -2.40986D+06 -2.40986D+06  4.52567D+00  1.91943D+01      9
  6.67719D+02  3.09803D+02  6.79793D+01  9.10138D-03  9.10138D-03  2.34575D+06  3.01163D+06  7.09486D+03  8.24869D+03 -2.36197D+06 -2.36197D+06  4.07532D+00  2.18685D+01      9
  6.60670D+02  3.30878D+02  5.98275D+01  8.41300D-03  8.41300D-03  2.28988D+06  3.03297D+06  7.00802D+03  8.30721D+03 -2.31442D+06 -2.31442D+06  3.71547D+00  2.46388D+01      8
  6.53622D+02  3.50646D+02  5.29837D+01  7.76345D-03  7.76345D-03  2.23795D+06  3.05041D+06  6.92691D+03  8.36030D+03 -2.26722D+06 -2.26722D+06  3.41696D+00  2.75546D+01      8
  6.46573D+02  3.69427D+02  4.71232D+01  7.15144D-03  7.15144D-03  2.18905D+06  3.06489D+06  6.85002D+03  8.40947D+03 -2.22037D+06 -2.22037D+06  3.16298D+00  3.06552D+01      8
  6.39524D+02  3.87429D+02  4.20347D+01  6.57568D-03  6.57568D-03  2.14257D+06  3.07701D+06  6.77640D+03  8.45571D+03 -2.17388D+06 -2.17388D+06  2.94288D+00  3.39771D+01      8
  6.32476D+02  4.04795D+02  3.75718D+01  6.03486D-03  6.03486D-03  2.09810D+06  3.08719D+06  6.70538D+03  8.49970D+03 -2.12773D+06 -2.12773D+06  2.74944D+00  3.75567D+01      7
  6.25427D+02  4.21627D+02  3.36277D+01  5.52770D-03  5.52770D-03  2.05534D+06  3.09574D+06  6.63647D+03  8.54196D+03 -2.08194D+06 -2.08194D+06  2.57754D+00  4.14322D+01      7
  6.18379D+02  4.38002D+02  3.01217D+01  5.05289D-03  5.05289D-03  2.01404D+06  3.10290D+06  6.56931D+03  8.58287D+03 -2.03651D+06 -2.03651D+06  2.42339D+00  4.56452D+01      7
  6.11330D+02  4.53979D+02  2.69912D+01  4.60916D-03  4.60916D-03  1.97404D+06  3.10883D+06  6.50363D+03  8.62274D+03 -1.99144D+06 -1.99144D+06  2.28413D+00  5.02418D+01      7
  6.04282D+02  4.69604D+02  2.41863D+01  4.19523D-03  4.19523D-03  1.93520D+06  3.11370D+06  6.43918D+03  8.66182D+03 -1.94672D+06 -1.94672D+06  2.15752D+00  5.52735D+01      7
  5.97233D+02  4.84914D+02  2.16663D+01  3.80981D-03  3.80981D-03  1.89739D+06  3.11761D+06  6.37580D+03  8.70033D+03 -1.90237D+06 -1.90237D+06  2.04179D+00  6.07992D+01      7
  5.90185D+02  4.99938D+02  1.93977D+01  3.45166D-03  3.45166D-03  1.86053D+06  3.12067D+06  6.31333D+03  8.73843D+03 -1.85838D+06 -1.85838D+06  1.93552D+00  6.68856D+01      6
  5.83136D+02  5.14701D+02  1.73525D+01  3.11952D-03  3.11952D-03  1.82454D+06  3.12295D+06  6.25165D+03  8.77630D+03 -1.81476D+06 -1.81476D+06  1.83751D+00  7.36095D+01      6
  5.76088D+02  5.29222D+02  1.55068D+01  2.81216D-03  2.81216D-03  1.78934D+06  3.12453D+06  6.19065D+03  8.81406D+03 -1.77150D+06 -1.77150D+06  1.74681D+00  8.10596D+01      6
  5.69039D+02  5.43519D+02  1.38401D+01  2.52836D-03  2.52836D-03  1.75489D+06  3.12547D+06  6.13024D+03  8.85186D+03 -1.72861D+06 -1.72861D+06  1.66259D+00  8.93387D+01      6
  5.61990D+02  5.57605D+02  1.23345D+01  2.26692D-03  2.26692D-03  1.72112D+06  3.12581D+06  6.07034D+03  8.88979D+03 -1.68609D+06 -1.68609D+06  1.58416D+00  9.85664D+01      6
  5.54942D+02  5.71493D+02  1.09747D+01  2.02666D-03  2.02666D-03  1.68801D+06  3.12562D+06  6.01088D+03  8.92798D+03 -1.64394D+06 -1.64394D+06  1.51093D+00  1.08883D+02      6
  5.47893D+02  5.85191D+02  9.74696D+00  1.80642D-03  1.80642D-03  1.65551D+06  3.12493D+06  5.95179D+03  8.96654D+03 -1.60216D+06 -1.60216D+06  1.44238D+00  1.20451D+02      6
  5.40845D+02  5.98710D+02  8.63903D+00  1.60506D-03  1.60506D-03  1.62358D+06  3.12377D+06  5.89302D+03  9.00555D+03 -1.56076D+06 -1.56076D+06  1.37809D+00  1.33466D+02      5
  5.33796D+02  6.12056D+02  7.64015D+00  1.42147D-03  1.42146D-03  1.59220D+06  3.12219D+06  5.83451D+03  9.04513D+03 -1.51974D+06 -1.51974D+06  1.31765D+00  1.48155D+02      5
  5.26748D+02  6.25237D+02  6.74055D+00  1.25455D-03  1.25455D-03  1.56134D+06  3.12021D+06  5.77623D+03  9.08536D+03 -1.47909D+06 -1.47909D+06  1.26073D+00  1.64790D+02      5
  5.19699D+02  6.38256D+02  5.93145D+00  1.10327D-03  1.10327D-03  1.53098D+06  3.11786D+06  5.71812D+03  9.12635D+03 -1.43882D+06 -1.43882D+06  1.20703D+00  1.83696D+02      5
  5.12651D+02  6.51120D+02  5.20490D+00  9.66575D-04  9.66575D-04  1.50109D+06  3.11517D+06  5.66014D+03  9.16820D+03 -1.39894D+06 -1.39894D+06  1.15628D+00  2.05261D+02      5
  5.05602D+02  6.63832D+02  4.55363D+00  8.43480D-04  8.43480D-04  1.47164D+06  3.11217D+06  5.60226D+03  9.21101D+03 -1.35943D+06 -1.35943D+06  1.10826D+00  2.29953D+02      5
  4.98554D+02  6.76397D+02  3.97104D+00  7.33015D-04  7.33015D-04  1.44264D+06  3.10887D+06  5.54444D+03  9.25487D+03 -1.32032D+06 -1.32032D+06  1.06274D+00  2.58340D+02      5
  4.91505D+02  6.88817D+02  3.45107D+00  6.34249D-04  6.34249D-04  1.41405D+06  3.10531D+06  5.48664D+03  9.29990D+03 -1.28159D+06 -1.28159D+06  1.01953D+00  2.91110D+02      5
  4.84456D+02  7.01096D+02  2.98815D+00  5.46283D-04  5.46283D-04  1.38585D+06  3.10151D+06  5.42883D+03  9.34621D+03 -1.24325D+06 -1.24325D+06  9.78477D-01  3.29106D+02      5
  4.77408D+02  7.13236D+02  2.57715D+00  4.68254D-04  4.68254D-04  1.35804D+06  3.09748D+06  5.37098D+03  9.39392D+03 -1.20530D+06 -1.20530D+06  9.39411D-01  3.73366D+02      5
  4.70359D+02  7.25240D+02  2.21335D+00  3.99709D-04  3.99338D-04  1.33060D+06  3.09325D+06  5.31305D+03  9.44314D+03 -1.16774D+06 -1.16774D+06  9.02196D-01  4.25172D+02      4
  4.63311D+02  7.37109D+02  1.89239D+00  3.38959D-04  3.38745D-04  1.30352D+06  3.08883D+06  5.25501D+03  9.49400D+03 -1.13058D+06 -1.13058D+06  8.66707D-01  4.86121D+02      4
  4.56262D+02  7.48845D+02  1.61023D+00  2.85846D-04  2.85725D-04  1.27678D+06  3.08426D+06  5.19684D+03  9.54665D+03 -1.09382D+06 -1.09382D+06  8.32827D-01  5.58214D+02      4
  4.49214D+02  7.60451D+02  1.36315D+00  2.39634D-04  2.39568D-04  1.25037D+06  3.07955D+06  5.13849D+03  9.60123D+03 -1.05746D+06 -1.05746D+06  8.00450D-01  6.43975D+02      4
  4.42165D+02  7.71929D+02  1.14769D+00  1.99636D-04  1.99601D-04  1.22428D+06  3.07471D+06  5.07995D+03  9.65788D+03 -1.02150D+06 -1.02150D+06  7.69479D-01  7.46611D+02      4
  4.35117D+02  7.83279D+02  9.60652D-01  1.65209D-04  1.65191D-04  1.19851D+06  3.06979D+06  5.02116D+03  9.71679D+03 -9.85948D+05 -9.85948D+05  7.39826D-01  8.70227D+02      4
  4.28068D+02  7.94503D+02  7.99088D-01  1.35754D-04  1.35745D-04  1.17302D+06  3.06478D+06  4.96211D+03  9.77813D+03 -9.50804D+05 -9.50804D+05  7.11409D-01  1.02012D+03      4
  4.21019D+02  8.05602D+02  6.60268D-01  1.10714D-04  1.10710D-04  1.14783D+06  3.05972D+06  4.90277D+03  9.84208D+03 -9.16070D+05 -9.16070D+05  6.84154D-01  1.20319D+03      4
  4.17447D+02  8.11165D+02  6.00166D-01  1.00000D-04  9.99968D-05  1.13521D+06  3.05715D+06  4.87252D+03  9.87593D+03 -8.98678D+05 -8.98678D+05  6.70895D-01  1.31736D+03      0
  4.13971D+02  8.16578D+02  5.41673D-01  8.95727D-05  8.95706D-05  1.12292D+06  3.05464D+06  4.84308D+03  9.90887D+03 -8.81751D+05 -8.81751D+05  6.57991D-01  1.42848D+03      4
  4.06922D+02  8.27432D+02  4.40984D-01  7.18519D-05  7.18519D-05  1.09828D+06  3.04954D+06  4.78304D+03  9.97871D+03 -8.47849D+05 -8.47849D+05  6.32857D-01  1.70800D+03      5
  3.99874D+02  8.38165D+02  3.56070D-01  5.71164D-05  5.71164D-05  1.07389D+06  3.04446D+06  4.72259D+03  1.00519D+04 -8.14368D+05 -8.14368D+05  6.08694D-01  2.05782D+03      7
  3.92825D+02  8.48778D+02  2.84978D-01  4.49644D-05  4.49644D-05  1.04976D+06  3.03943D+06  4.66170D+03  1.01286D+04 -7.81312D+05 -7.81312D+05  5.85446D-01  2.49967D+03      5
  3.85777D+02  8.59272D+02  2.25924D-01  3.50329D-05  3.50329D-05  1.02588D+06  3.03447D+06  4.60034D+03  1.02091D+04 -7.48683D+05 -7.48683D+05  5.63064D-01  3.06329D+03      4
  3.78728D+02  8.69649D+02  1.77288D-01  2.69940D-05  2.69940D-05  1.00223D+06  3.02960D+06  4.53846D+03  1.02939D+04 -7.16486D+05 -7.16486D+05  5.41500D-01  3.78988D+03      5
  3.71680D+02  8.79908D+02  1.37599D-01  2.05543D-05  2.05543D-05  9.78807D+05  3.02487D+06  4.47604D+03  1.03831D+04 -6.84726D+05 -6.84726D+05  5.20711D-01  4.73719D+03      5
  3.64631D+02  8.90051D+02  1.05536D-01  1.54530D-05  1.54530D-05  9.55608D+05  3.02029D+06  4.41302D+03  1.04773D+04 -6.53405D+05 -6.53405D+05  5.00657D-01  5.98733D+03      5
  3.57583D+02  9.00079D+02  7.99150D-02  1.14601D-05  1.14601D-05  9.32624D+05  3.01590D+06  4.34936D+03  1.05767D+04 -6.22530D+05 -6.22530D+05  4.81300D-01  7.65869D+03      5
  3.50534D+02  9.09993D+02  5.96825D-02  8.37501D-06  8.37501D-06  9.09847D+05  3.01174D+06  4.28503D+03  1.06819D+04 -5.92105D+05 -5.92105D+05  4.62605D-01  9.92462D+03      5
  3.43485D+02  9.19793D+02  4.39105D-02  6.02455D-06  6.02455D-06  8.87273D+05  3.00783D+06  4.21997D+03  1.07934D+04 -5.62135D+05 -5.62135D+05  4.44540D-01  1.30431D+04      5
  3.39961D+02  9.24651D+02  3.74393D-02  5.07762D-06  5.07762D-06  8.76059D+05  3.00599D+06  4.18715D+03  1.08517D+04 -5.47322D+05 -5.47322D+05  4.35734D-01  1.50371D+04      7
  3.36437D+02  9.29480D+02  3.17875D-02  4.26068D-06  4.26068D-06  8.64894D+05  3.00422D+06  4.15414D+03  1.09117D+04 -5.32625D+05 -5.32626D+05  4.27074D-01  1.74050D+04      4
  3.32913D+02  9.34281D+02  2.68709D-02  3.55884D-06  3.55884D-06  8.53776D+05  3.00254D+06  4.12091D+03  1.09736D+04 -5.18045D+05 -5.18045D+05  4.18556D-01  2.02291D+04      6
  3.29388D+02  9.39055D+02  2.26113D-02  2.95850D-06  2.95850D-06  8.42704D+05  3.00094D+06  4.08748D+03  1.10373D+04 -5.03582D+05 -5.03582D+05  4.10178D-01  2.36130D+04      6
  3.25864D+02  9.43800D+02  1.89367D-02  2.44731D-06  2.44731D-06  8.31679D+05  2.99943D+06  4.05382D+03  1.11032D+04 -4.89238D+05 -4.89238D+05  4.01937D-01  2.76870D+04      6
  3.22340D+02  9.48518D+02  1.57809D-02  2.01408D-06  2.01408D-06  8.20700D+05  2.99803D+06  4.01995D+03  1.11711D+04 -4.75012D+05 -4.75012D+05  3.93828D-01  3.26162D+04      6
  3.18816D+02  9.53207D+02  1.30834D-02  1.64872D-06  1.64872D-06  8.09765D+05  2.99672D+06  3.98583D+03  1.12411D+04 -4.60905D+05 -4.60906D+05  3.85848D-01  3.86110D+04      6
  3.15291D+02  9.57869D+02  1.07888D-02  1.34218D-06  1.34218D-06  7.98874D+05  2.99552D+06  3.95148D+03  1.13135D+04 -4.46920D+05 -4.46920D+05  3.77996D-01  4.59406D+04      7
  3.11767D+02  9.62504D+02  8.84702D-03  1.08635D-06  1.08635D-06  7.88027D+05  2.99443D+06  3.91688D+03  1.13883D+04 -4.33056D+05 -4.33056D+05  3.70268D-01  5.49523D+04      7
  3.08243D+02  9.67110D+02  7.21250D-03  8.74034D-07  8.74034D-07  7.77223D+05  2.99346D+06  3.88203D+03  1.14655D+04 -4.19314D+05 -4.19314D+05  3.62661D-01  6.60962D+04      6
  3.04718D+02  9.71689D+02  5.84433D-03  6.98847D-07  6.98847D-07  7.66462D+05  2.99260D+06  3.84692D+03  1.15453D+04 -4.05695D+05 -4.05695D+05  3.55173D-01  7.99598D+04      5
  3.01194D+02  9.76241D+02  4.70578D-03  5.55167D-07  5.55167D-07  7.55743D+05  2.99187D+06  3.81153D+03  1.16279D+04 -3.92201D+05 -3.92201D+05  3.47801D-01  9.73145D+04      7
  2.97670D+02  9.80764D+02  3.93522D-03  4.51347D-07  4.51347D-07  7.45066D+05  2.98817D+06  3.77587D+03  1.16972D+04 -3.78832D+05 -3.78832D+05  3.40542D-01  1.14111D+05      9
  2.94146D+02  9.85260D+02  3.11255D-03  3.52626D-07  3.52626D-07  7.34430D+05  2.98803D+06  3.73992D+03  1.17871D+04 -3.65589D+05 -3.65589D+05  3.33394D-01  1.41269D+05      7
  2.90621D+02  9.89729D+02  2.44503D-03  2.73556D-07  2.73556D-07  7.23834D+05  2.98800D+06  3.70368D+03  1.18799D+04 -3.52473D+05 -3.52473D+05  3.26356D-01  1.76034D+05      7
  2.87097D+02  9.94170D+02  1.90695D-03  2.10658D-07  2.10658D-07  7.13279D+05  2.98808D+06  3.66714D+03  1.19759D+04 -3.39485D+05 -3.39485D+05  3.19423D-01  2.20852D+05      7
  2.83573D+02  9.98584D+02  1.47617D-03  1.60981D-07  1.60981D-07  7.02765D+05  2.98828D+06  3.63029D+03  1.20751D+04 -3.26627D+05 -3.26627D+05  3.12596D-01  2.79064D+05      6
  2.80049D+02  1.00297D+03  1.13379D-03  1.22038D-07  1.22038D-07  6.92290D+05  2.98860D+06  3.59312D+03  1.21777D+04 -3.13899D+05 -3.13899D+05  3.05870D-01  3.55255D+05      9
  2.76524D+02  1.00733D+03  8.63726D-04  9.17485D-08  9.17485D-08  6.81854D+05  2.98905D+06  3.55561D+03  1.22838D+04 -3.01302D+05 -3.01302D+05  2.99244D-01  4.55784D+05      9
  2.73000D+02  1.01166D+03  6.52389D-04  4.88614D-09  6.83805D-08  6.71458D+05  2.98962D+06  3.51778D+03  1.23937D+04 -2.88839D+05 -2.88839D+05  2.92717D-01  5.89537D+05      9
  2.70270D+02  1.13954D+03  5.14690D-04  5.33929D-08  5.33929D-08  5.23275D+05  2.99041D+06  2.97480D+03  1.24876D+04 -2.80677D+05 -2.80677D+05  2.52729D-01  7.33463D+05      8
  2.56620D+02  1.15357D+03  1.43546D-04  1.41318D-08  1.41318D-08  4.82610D+05  2.99553D+06  2.82040D+03  1.29970D+04 -2.41120D+05 -2.41120D+05  2.32821D-01  2.38592D+06     12
  2.42970D+02  1.16725D+03  3.37204D-05  3.14916D-09  3.14916D-09  4.42370D+05  3.00257D+06  2.65927D+03  1.35814D+04 -2.03715D+05 -2.03715D+05  2.13796D-01  9.14466D+06     10
  2.29320D+02  1.18057D+03  6.48337D-06  5.74575D-10  5.74575D-10  4.02572D+05  3.01120D+06  2.49069D+03  1.42533D+04 -1.68560D+05 -1.68560D+05  1.95610D-01  4.24517D+07      9
  2.15670D+02  1.19352D+03  9.87455D-07  8.30908D-11  8.30904D-11  3.63249D+05  3.02085D+06  2.31390D+03  1.50273D+04 -1.35760D+05 -1.35760D+05  1.78226D-01  2.46321D+08     12
  2.02020D+02  1.20609D+03  1.14635D-07  9.15991D-12  9.16012D-12  3.24454D+05  3.03072D+06  2.12808D+03  1.59205D+04 -1.05435D+05 -1.05435D+05  1.61609D-01  1.85383D+09     14
  1.88370D+02  1.21824D+03  9.67315D-09  7.32875D-13  7.33317D-13  2.86264D+05  3.03989D+06  1.93235D+03  1.69539D+04 -7.77123D+04 -7.77123D+04  1.45731D-01  1.89433D+10     17
  1.74720D+02  1.22997D+03  5.57848D-10  4.01258D-14  4.00166D-14  2.48788D+05  3.04739D+06  1.72584D+03  1.81550D+04 -5.27338D+04 -5.27338D+04  1.30566D-01  2.78881D+11     17


  DATA ARRAY FOR MATERIAL   1

  C( 1) = 1.000000000+100  C(31) = 1.000000000D+00  C(61) =-4.000000000D-01
  C( 2) = 0.000000000D+00  C(32) = 5.830729482D+12  C(62) = 5.000000000D-01
  C( 3) = 3.264693255D+10  C(33) = 1.798324307D+00  C(63) = 1.000000000D+00
  C( 4) = 2.651564194D+10  C(34) = 1.228789407D+13  C(64) = 0.000000000D+00
  C( 5) = 2.731232969D+00  C(35) =-2.911029122D+13  C(65) = 0.000000000D+00
  C( 6) = 1.500000000D+00  C(36) = 1.778782666D+13  C(66) = 3.000000000D+00
  C( 7) = 0.000000000D+00  C(37) = 2.266459221D+13  C(67) = 4.670000000D+00
  C( 8) = 0.000000000D+00  C(38) = 0.000000000D+00  C(68) = 3.000000000D+00
  C( 9) = 0.000000000D+00  C(39) = 0.000000000D+00  C(69) = 9.600000000D-09
  C(10) = 2.900000000D+10  C(40) = 0.000000000D+00  C(70) = 3.000000000D+00
  C(11) = 1.250000000D+00  C(41) = 0.000000000D+00  C(71) = 1.000000000D+00
  C(12) = 1.292475038D-02  C(42) = 1.000000000D-01  C(72) = 0.000000000D+00
  C(13) = 1.464363539D-03  C(43) =-1.195677884D+10  C(73) = 5.996333243D-02
  C(14) =-1.619177837D-02  C(44) =-1.380374952D+10  C(74) = 1.630833614D-01
  C(15) = 6.000000000D-01  C(45) = 1.551872888D+10  C(75) = 0.000000000D+00
  C(16) =-3.840000000D-01  C(46) = 1.136695797D+00  C(76) = 0.000000000D+00
  C(17) = 4.800000000D-01  C(47) = 1.011659260D+00  C(77) = 0.000000000D+00
  C(18) = 2.352304569D-02  C(48) = 1.310172320D+00  C(78) = 1.804654522D-01
  C(19) = 1.300525481D+00  C(49) = 1.654723227D-02  C(79) = 2.906468573D+03
  C(20) = 1.000000000D+06  C(50) = 3.904291705D-02  C(80) = 4.670000000D+00
  C(21) = 2.700000000D+10  C(51) = 3.274107026D-02  C(81) = 1.500000000D+00
  C(22) = 0.000000000D+00  C(52) = 2.339448432D-01  C(82) = 1.000000000D+00
  C(23) = 1.008599061D+00  C(53) = 0.000000000D+00  C(83) = 1.500000000D+00
  C(24) = 2.000000000D+00  C(54) = 0.000000000D+00  C(84) = 3.000000000D+00
  C(25) =-2.498785073D-02  C(55) = 0.000000000D+00  C(85) = 1.723300051D-01
  C(26) = 3.333100000D+00  C(56) = 0.000000000D+00  C(86) = 3.000000000D+00
  C(27) = 1.003049662D+23  C(57) = 5.000000000D-02  C(87) = 2.000000000D+00
  C(28) = 2.000000000D+00  C(58) = 1.000000000D-01  C(88) = 1.000000000D+00
  C(29) = 6.004840267D+00  C(59) = 2.000000000D-01  C(89) = 1.000000000D-30
  C(30) = 4.000000000D+00  C(60) = 0.000000000D+00  C(90) = 1.000000000D+05

  LOCKP( 1)=   1    LOCKPL( 1)=  80  (two-phase array storage data)


 BOUNDS OF LIQUID/SOLID PHASE TRANSITION
   ENTHALPY OF FUSION (ERG/GM)................... 1.40000D+09
   LOWER LIMIT OF METASTABLE LIQUID ACK(49)...... 1.92041D+02
   MELT TEMPERATURE (TRIPLE POINT) ACK(18)....... 2.73000D+02
   INTERMEDIATE TEMPERATURE ACK(52).............. 2.71508D+03
   MAXIMUM TEMPERATURE ACK(48)................... 1.52054D+04
   SLOPE OF LEFT  BOUNDARY, dT/dRHO ACK(50)...... 4.53118D-01
   SLOPE OF RIGHT BOUNDARY, dT/dRHO ACK(51)...... 3.79981D-01
   MINIMUM DENSITY ACK(23), GM/CC................ 1.00860D+03
   SOLID/MELT DENSITY AT Tm ACK(46), GM/CC....... 0.00000D+00
   LIQUID/VAPOR DENSITY AT Tm ACK(47), GM/CC..... 1.01166D+03



 LIQUID/SOLID PHASE CURVE

       T         RLIQ       RSOLID      PLIQ       PSOLID      ELIQ        ESOLID       SLIQ       SOLID        GLIQ       GSOLID        #ITER
       K        kg/m**3     kg/m**3      GPa         GPa       J/kg         J/kg        J/kg-K     J/kg-K       J/kg        J/kg

  1.9204D+02  7.2544D+02  1.0086D+03 -2.9690D-01 -2.9690D-01  6.7369D+05  3.8020D+05  3.1984D+03  2.2684D+03 -3.4976D+05 -3.4976D+05        20
  2.1903D+02  8.6024D+02  1.0429D+03 -2.1785D-01 -2.1785D-01  6.2454D+05  4.3133D+05  3.2383D+03  2.5586D+03 -3.3793D+05 -3.3793D+05        11
  2.4601D+02  9.4102D+02  1.0875D+03 -1.1819D-01 -1.1819D-01  6.3952D+05  4.8032D+05  3.3767D+03  2.7983D+03 -3.1674D+05 -3.1674D+05         7
  2.7300D+02  1.0117D+03  1.1367D+03  4.8861D-09  4.8861D-09  6.7146D+05  5.3146D+05  3.5178D+03  3.0049D+03 -2.8884D+05 -2.8884D+05         1
  2.8420D+02  1.0395D+03  1.1579D+03  5.4368D-02  5.4368D-02  6.8804D+05  5.5373D+05  3.5748D+03  3.0833D+03 -2.7554D+05 -2.7554D+05         3
  2.9586D+02  1.0679D+03  1.1804D+03  1.1426D-01  1.1426D-01  7.0704D+05  5.7769D+05  3.6329D+03  3.1612D+03 -2.6072D+05 -2.6072D+05         4
  3.0799D+02  1.0969D+03  1.2042D+03  1.8016D-01  1.8016D-01  7.2852D+05  6.0351D+05  3.6920D+03  3.2386D+03 -2.4429D+05 -2.4429D+05         4
  3.2062D+02  1.1266D+03  1.2292D+03  2.5260D-01  2.5260D-01  7.5260D+05  6.3140D+05  3.7521D+03  3.3158D+03 -2.2615D+05 -2.2615D+05         4
  3.3378D+02  1.1572D+03  1.2555D+03  3.3217D-01  3.3217D-01  7.7941D+05  6.6157D+05  3.8132D+03  3.3928D+03 -2.0622D+05 -2.0622D+05         4
  3.4747D+02  1.1888D+03  1.2827D+03  4.1963D-01  4.1963D-01  8.0910D+05  6.9429D+05  3.8751D+03  3.4703D+03 -1.8429D+05 -1.8429D+05         5
  3.6172D+02  1.2217D+03  1.3107D+03  5.1633D-01  5.1633D-01  8.4185D+05  7.2969D+05  3.9376D+03  3.5482D+03 -1.5974D+05 -1.5974D+05         5
  3.7656D+02  1.2565D+03  1.3398D+03  6.2416D-01  6.2416D-01  8.7791D+05  7.6797D+05  4.0004D+03  3.6263D+03 -1.3162D+05 -1.3162D+05         5
  3.9200D+02  1.2930D+03  1.3690D+03  7.4654D-01  7.4654D-01  9.1763D+05  8.0932D+05  4.0638D+03  3.7056D+03 -9.7901D+04 -9.7901D+04         6
  4.0808D+02  1.3322D+03  1.3985D+03  8.8981D-01  8.8981D-01  9.6142D+05  8.5397D+05  4.1267D+03  3.7859D+03 -5.4617D+04 -5.4617D+04         6
  4.2482D+02  1.3742D+03  1.4293D+03  1.0657D+00  1.0657D+00  1.0099D+06  9.0237D+05  4.1894D+03  3.8660D+03  5.7382D+03  5.7382D+03         6
  4.4224D+02  1.4174D+03  1.4622D+03  1.2893D+00  1.2893D+00  1.0635D+06  9.5530D+05  4.2533D+03  3.9455D+03  9.2284D+04  9.2284D+04         7
  4.6039D+02  1.4611D+03  1.4976D+03  1.5777D+00  1.5777D+00  1.1231D+06  1.0138D+06  4.3186D+03  4.0241D+03  2.1478D+05  2.1478D+05         7
  4.7927D+02  1.5056D+03  1.5355D+03  1.9503D+00  1.9503D+00  1.1899D+06  1.0793D+06  4.3852D+03  4.1018D+03  3.8365D+05  3.8365D+05         7
  4.9893D+02  1.5510D+03  1.5758D+03  2.4293D+00  2.4293D+00  1.2652D+06  1.1533D+06  4.4528D+03  4.1788D+03  6.1010D+05  6.1010D+05         7
  5.1939D+02  1.5976D+03  1.6185D+03  3.0404D+00  3.0404D+00  1.3512D+06  1.2377D+06  4.5209D+03  4.2551D+03  9.0623D+05  9.0623D+05         7
  5.4070D+02  1.6458D+03  1.6636D+03  3.8125D+00  3.8125D+00  1.4499D+06  1.3350D+06  4.5893D+03  4.3309D+03  1.2851D+06  1.2851D+06         7
  5.6288D+02  1.6957D+03  1.7111D+03  4.7789D+00  4.7789D+00  1.5643D+06  1.4479D+06  4.6580D+03  4.4061D+03  1.7608D+06  1.7608D+06         7
  5.8596D+02  1.7476D+03  1.7610D+03  5.9775D+00  5.9775D+00  1.6973D+06  1.5794D+06  4.7265D+03  4.4808D+03  2.3484D+06  2.3484D+06         7
  6.1000D+02  1.8015D+03  1.8133D+03  7.4515D+00  7.4515D+00  1.8528D+06  1.7333D+06  4.7950D+03  4.5549D+03  3.0643D+06  3.0643D+06         7
  6.3502D+02  1.8577D+03  1.8683D+03  9.2497D+00  9.2497D+00  2.0349D+06  1.9139D+06  4.8631D+03  4.6283D+03  3.9260D+06  3.9260D+06         7
  6.6107D+02  1.9164D+03  1.9258D+03  1.1428D+01  1.1428D+01  2.2485D+06  2.1258D+06  4.9307D+03  4.7010D+03  4.9522D+06  4.9522D+06         7
  6.8818D+02  1.9776D+03  1.9862D+03  1.4048D+01  1.4048D+01  2.4989D+06  2.3746D+06  4.9978D+03  4.7729D+03  6.1633D+06  6.1633D+06         7
  7.1641D+02  2.0416D+03  2.0494D+03  1.7183D+01  1.7183D+01  2.7923D+06  2.6663D+06  5.0643D+03  4.8439D+03  7.5806D+06  7.5806D+06         7
  7.4580D+02  2.1086D+03  2.1157D+03  2.0912D+01  2.0912D+01  3.1355D+06  3.0079D+06  5.1299D+03  4.9140D+03  9.2275D+06  9.2275D+06         7
  7.7639D+02  2.1786D+03  2.1852D+03  2.5327D+01  2.5327D+01  3.5363D+06  3.4069D+06  5.1946D+03  4.9830D+03  1.1129D+07  1.1129D+07         7
  8.0824D+02  2.2520D+03  2.2581D+03  3.0531D+01  3.0531D+01  4.0031D+06  3.8720D+06  5.2583D+03  5.0508D+03  1.3311D+07  1.3311D+07         7
  8.4139D+02  2.3288D+03  2.3345D+03  3.6639D+01  3.6639D+01  4.5454D+06  4.4124D+06  5.3208D+03  5.1173D+03  1.5801D+07  1.5801D+07         7
  8.7590D+02  2.4094D+03  2.4147D+03  4.3783D+01  4.3783D+01  5.1736D+06  5.0387D+06  5.3820D+03  5.1824D+03  1.8632D+07  1.8632D+07         7
  9.1183D+02  2.4938D+03  2.4988D+03  5.2110D+01  5.2110D+01  5.8992D+06  5.7624D+06  5.4417D+03  5.2460D+03  2.1833D+07  2.1833D+07         7
  9.4923D+02  2.5824D+03  2.5871D+03  6.1787D+01  6.1787D+01  6.7349D+06  6.5961D+06  5.4999D+03  5.3078D+03  2.5441D+07  2.5441D+07         7
  9.8817D+02  2.6754D+03  2.6799D+03  7.3003D+01  7.3003D+01  7.6945D+06  7.5537D+06  5.5563D+03  5.3679D+03  2.9491D+07  2.9491D+07         7
  1.0287D+03  2.7731D+03  2.7773D+03  8.5967D+01  8.5967D+01  8.7932D+06  8.6502D+06  5.6108D+03  5.4260D+03  3.4022D+07  3.4022D+07         7
  1.0709D+03  2.8756D+03  2.8797D+03  1.0092D+02  1.0092D+02  1.0048D+07  9.9024D+06  5.6633D+03  5.4819D+03  3.9078D+07  3.9078D+07         7
  1.1148D+03  2.9834D+03  2.9873D+03  1.1813D+02  1.1813D+02  1.1476D+07  1.1328D+07  5.7137D+03  5.5356D+03  4.4701D+07  4.4701D+07         6
  1.1605D+03  3.0967D+03  3.1004D+03  1.3789D+02  1.3789D+02  1.3097D+07  1.2947D+07  5.7616D+03  5.5868D+03  5.0939D+07  5.0939D+07         6
  1.2082D+03  3.2159D+03  3.2195D+03  1.6056D+02  1.6056D+02  1.4933D+07  1.4781D+07  5.8070D+03  5.6354D+03  5.7843D+07  5.7843D+07         6
  1.2577D+03  3.3414D+03  3.3448D+03  1.8650D+02  1.8650D+02  1.7007D+07  1.6853D+07  5.8496D+03  5.6812D+03  6.5466D+07  6.5466D+07         6
  1.3093D+03  3.4734D+03  3.4767D+03  2.1616D+02  2.1616D+02  1.9344D+07  1.9187D+07  5.8894D+03  5.7240D+03  7.3865D+07  7.3865D+07         6
  1.3630D+03  3.6124D+03  3.6157D+03  2.5001D+02  2.5001D+02  2.1971D+07  2.1811D+07  5.9260D+03  5.7637D+03  8.3101D+07  8.3101D+07         6
  1.4189D+03  3.7589D+03  3.7621D+03  2.8860D+02  2.8860D+02  2.4917D+07  2.4755D+07  5.9594D+03  5.8000D+03  9.3239D+07  9.3239D+07         6
  1.4771D+03  3.9134D+03  3.9164D+03  3.3255D+02  3.3255D+02  2.8215D+07  2.8049D+07  5.9892D+03  5.8327D+03  1.0435D+08  1.0435D+08         6
  1.5377D+03  4.0762D+03  4.0792D+03  3.8255D+02  3.8255D+02  3.1897D+07  3.1729D+07  6.0154D+03  5.8617D+03  1.1650D+08  1.1650D+08         7
  1.6008D+03  4.2480D+03  4.2509D+03  4.3938D+02  4.3938D+02  3.6002D+07  3.5831D+07  6.0376D+03  5.8867D+03  1.2977D+08  1.2977D+08         7
  1.6664D+03  4.4293D+03  4.4321D+03  5.0392D+02  5.0392D+02  4.0568D+07  4.0394D+07  6.0557D+03  5.9075D+03  1.4425D+08  1.4425D+08         7
  1.7348D+03  4.6207D+03  4.6235D+03  5.7714D+02  5.7714D+02  4.5638D+07  4.5461D+07  6.0694D+03  5.9239D+03  1.6001D+08  1.6001D+08         7
  1.8059D+03  4.8229D+03  4.8256D+03  6.6018D+02  6.6018D+02  5.1258D+07  5.1077D+07  6.0785D+03  5.9356D+03  1.7717D+08  1.7717D+08         8
  1.8800D+03  5.0366D+03  5.0393D+03  7.5427D+02  7.5427D+02  5.7476D+07  5.7292D+07  6.0828D+03  5.9424D+03  1.9580D+08  1.9580D+08         8
  1.9571D+03  5.2625D+03  5.2652D+03  8.6084D+02  8.6084D+02  6.4347D+07  6.4159D+07  6.0820D+03  5.9442D+03  2.1602D+08  2.1602D+08         9
  2.0374D+03  5.5015D+03  5.5041D+03  9.8148D+02  9.8148D+02  7.1925D+07  7.1734D+07  6.0760D+03  5.9405D+03  2.3795D+08  2.3795D+08         9
  2.1210D+03  5.7544D+03  5.7569D+03  1.1180D+03  1.1180D+03  8.0271D+07  8.0077D+07  6.0644D+03  5.9313D+03  2.6169D+08  2.6169D+08         9
  2.2080D+03  6.0221D+03  6.0246D+03  1.2724D+03  1.2724D+03  8.9451D+07  8.9253D+07  6.0470D+03  5.9163D+03  2.8738D+08  2.8738D+08        10
  2.2986D+03  6.3056D+03  6.3082D+03  1.4469D+03  1.4469D+03  9.9534D+07  9.9331D+07  6.0235D+03  5.8952D+03  3.1515D+08  3.1515D+08        10
  2.3928D+03  6.6060D+03  6.6086D+03  1.6442D+03  1.6442D+03  1.1059D+08  1.1039D+08  5.9939D+03  5.8678D+03  3.4514D+08  3.4514D+08        11
  2.4910D+03  6.9245D+03  6.9271D+03  1.8671D+03  1.8671D+03  1.2271D+08  1.2250D+08  5.9576D+03  5.8338D+03  3.7751D+08  3.7751D+08        11
  2.5932D+03  7.2623D+03  7.2648D+03  2.1190D+03  2.1190D+03  1.3596D+08  1.3575D+08  5.9147D+03  5.7930D+03  4.1241D+08  4.1241D+08        12
  2.6995D+03  7.6207D+03  7.6232D+03  2.4035D+03  2.4035D+03  1.5045D+08  1.5023D+08  5.8647D+03  5.7452D+03  4.5001D+08  4.5001D+08        12
  2.8103D+03  8.0012D+03  8.0037D+03  2.7248D+03  2.7248D+03  1.6627D+08  1.6604D+08  5.8075D+03  5.6900D+03  4.9050D+08  4.9050D+08        13
  2.9255D+03  8.4053D+03  8.4078D+03  3.0877D+03  3.0877D+03  1.8351D+08  1.8328D+08  5.7428D+03  5.6274D+03  5.3406D+08  5.3406D+08        14
  3.0455D+03  8.8346D+03  8.8371D+03  3.4974D+03  3.4974D+03  2.0230D+08  2.0207D+08  5.6705D+03  5.5571D+03  5.8091D+08  5.8091D+08        14
  3.1705D+03  9.2910D+03  9.2935D+03  3.9601D+03  3.9601D+03  2.2275D+08  2.2251D+08  5.5903D+03  5.4789D+03  6.3126D+08  6.3126D+08        15
  3.3005D+03  9.7764D+03  9.7789D+03  4.4826D+03  4.4826D+03  2.4499D+08  2.4474D+08  5.5020D+03  5.3925D+03  6.8534D+08  6.8534D+08        15
  3.4359D+03  1.0293D+04  1.0295D+04  5.0725D+03  5.0725D+03  2.6914D+08  2.6889D+08  5.4055D+03  5.2980D+03  7.4339D+08  7.4339D+08        16
  3.5768D+03  1.0843D+04  1.0845D+04  5.7387D+03  5.7387D+03  2.9535D+08  2.9510D+08  5.3007D+03  5.1950D+03  8.0567D+08  8.0567D+08        16
  3.7235D+03  1.1428D+04  1.1431D+04  6.4911D+03  6.4911D+03  3.2378D+08  3.2352D+08  5.1875D+03  5.0836D+03  8.7247D+08  8.7247D+08        17
  3.8763D+03  1.2052D+04  1.2054D+04  7.3409D+03  7.3409D+03  3.5459D+08  3.5433D+08  5.0658D+03  4.9637D+03  9.4407D+08  9.4407D+08        18
  4.0353D+03  1.2717D+04  1.2719D+04  8.3008D+03  8.3008D+03  3.8795D+08  3.8768D+08  4.9355D+03  4.8353D+03  1.0208D+09  1.0208D+09        19
  4.2008D+03  1.3426D+04  1.3429D+04  9.3853D+03  9.3853D+03  4.2405D+08  4.2377D+08  4.7969D+03  4.6983D+03  1.1029D+09  1.1029D+09        19
  4.3731D+03  1.4183D+04  1.4185D+04  1.0611D+04  1.0611D+04  4.6309D+08  4.6280D+08  4.6498D+03  4.5530D+03  1.1909D+09  1.1909D+09        20
  4.5525D+03  1.4990D+04  1.4993D+04  1.1996D+04  1.1996D+04  5.0527D+08  5.0497D+08  4.4945D+03  4.3993D+03  1.2850D+09  1.2850D+09        21
  4.7392D+03  1.5853D+04  1.5856D+04  1.3562D+04  1.3562D+04  5.5082D+08  5.5052D+08  4.3311D+03  4.2376D+03  1.3858D+09  1.3858D+09        22
  4.9336D+03  1.6775D+04  1.6778D+04  1.5332D+04  1.5332D+04  5.9998D+08  5.9968D+08  4.1601D+03  4.0682D+03  1.4935D+09  1.4935D+09        23
  5.1360D+03  1.7760D+04  1.7763D+04  1.7335D+04  1.7335D+04  6.5301D+08  6.5270D+08  3.9816D+03  3.8913D+03  1.6086D+09  1.6086D+09        24
  5.3466D+03  1.8814D+04  1.8817D+04  1.9601D+04  1.9601D+04  7.1019D+08  7.0987D+08  3.7962D+03  3.7075D+03  1.7317D+09  1.7317D+09        25
  5.5659D+03  1.9942D+04  1.9945D+04  2.2165D+04  2.2165D+04  7.7181D+08  7.7148D+08  3.6044D+03  3.5172D+03  1.8632D+09  1.8632D+09        26
  5.7942D+03  2.1150D+04  2.1152D+04  2.5069D+04  2.5069D+04  8.3817D+08  8.3784D+08  3.4069D+03  3.3212D+03  2.0037D+09  2.0037D+09        27
  6.0319D+03  2.2443D+04  2.2446D+04  2.8357D+04  2.8357D+04  9.0962D+08  9.0928D+08  3.2044D+03  3.1201D+03  2.1538D+09  2.1538D+09        28
  6.2793D+03  2.3828D+04  2.3831D+04  3.2083D+04  3.2083D+04  9.8651D+08  9.8616D+08  2.9977D+03  2.9149D+03  2.3141D+09  2.3141D+09        29
  6.5369D+03  2.5314D+04  2.5317D+04  3.6306D+04  3.6306D+04  1.0692D+09  1.0689D+09  2.7880D+03  2.7066D+03  2.4852D+09  2.4852D+09        30
  6.8050D+03  2.6908D+04  2.6911D+04  4.1095D+04  4.1095D+04  1.1582D+09  1.1578D+09  2.5763D+03  2.4963D+03  2.6679D+09  2.6679D+09        31
  7.0842D+03  2.8618D+04  2.8621D+04  4.6528D+04  4.6528D+04  1.2538D+09  1.2535D+09  2.3639D+03  2.2853D+03  2.8629D+09  2.8629D+09        32
  7.3747D+03  3.0453D+04  3.0457D+04  5.2695D+04  5.2695D+04  1.3566D+09  1.3562D+09  2.1523D+03  2.0751D+03  3.0711D+09  3.0711D+09        34
  7.6772D+03  3.2425D+04  3.2429D+04  5.9699D+04  5.9699D+04  1.4671D+09  1.4667D+09  1.9432D+03  1.8673D+03  3.2932D+09  3.2932D+09        35
  7.9922D+03  3.4545D+04  3.4548D+04  6.7657D+04  6.7657D+04  1.5857D+09  1.5853D+09  1.7381D+03  1.6635D+03  3.5304D+09  3.5304D+09        36
  8.3200D+03  3.6823D+04  3.6827D+04  7.6706D+04  7.6706D+04  1.7131D+09  1.7127D+09  1.5389D+03  1.4656D+03  3.7834D+09  3.7834D+09        37
  8.6613D+03  3.9274D+04  3.9278D+04  8.7001D+04  8.7001D+04  1.8500D+09  1.8495D+09  1.3476D+03  1.2755D+03  4.0535D+09  4.0535D+09        38
  9.0165D+03  4.1912D+04  4.1916D+04  9.8721D+04  9.8721D+04  1.9969D+09  1.9964D+09  1.1660D+03  1.0952D+03  4.3418D+09  4.3418D+09        40
  9.3864D+03  4.4752D+04  4.4756D+04  1.1207D+05  1.1207D+05  2.1546D+09  2.1541D+09  9.9596D+02  9.2638D+02  4.6495D+09  4.6495D+09        41
  9.7714D+03  4.7812D+04  4.7816D+04  1.2729D+05  1.2729D+05  2.3239D+09  2.3234D+09  8.3917D+02  7.7078D+02  4.9780D+09  4.9780D+09        42
  1.0172D+04  5.1109D+04  5.1113D+04  1.4465D+05  1.4465D+05  2.5056D+09  2.5051D+09  6.9701D+02  6.2980D+02  5.3286D+09  5.3286D+09        44
  1.0589D+04  5.4665D+04  5.4669D+04  1.6446D+05  1.6446D+05  2.7005D+09  2.7001D+09  5.7052D+02  5.0446D+02  5.7030D+09  5.7030D+09        45
  1.1024D+04  5.8501D+04  5.8505D+04  1.8709D+05  1.8709D+05  2.9097D+09  2.9092D+09  4.6024D+02  3.9531D+02  6.1027D+09  6.1027D+09        46
  1.1476D+04  6.2640D+04  6.2645D+04  2.1295D+05  2.1295D+05  3.1342D+09  3.1337D+09  3.6619D+02  3.0235D+02  6.5295D+09  6.5295D+09        48
  1.1947D+04  6.7111D+04  6.7115D+04  2.4252D+05  2.4252D+05  3.3749D+09  3.3744D+09  2.8781D+02  2.2506D+02  6.9853D+09  6.9853D+09        50
  1.2437D+04  7.1940D+04  7.1944D+04  2.7637D+05  2.7637D+05  3.6331D+09  3.6326D+09  2.2406D+02  1.6237D+02  7.4719D+09  7.4719D+09        51
  1.2947D+04  7.7159D+04  7.7164D+04  3.1511D+05  3.1511D+05  3.9099D+09  3.9094D+09  1.7347D+02  1.1281D+02  7.9916D+09  7.9916D+09        53
  1.3478D+04  8.2803D+04  8.2808D+04  3.5950D+05  3.5950D+05  4.2068D+09  4.2062D+09  1.3430D+02  7.4644D+01  8.5465D+09  8.5465D+09        54
  1.4031D+04  8.8910D+04  8.8914D+04  4.1038D+05  4.1038D+05  4.5249D+09  4.5243D+09  1.0469D+02  4.6024D+01  9.1391D+09  9.1391D+09        56
  1.4606D+04  9.5519D+04  9.5524D+04  4.6872D+05  4.6872D+05  4.8659D+09  4.8653D+09  8.2834D+01  2.5137D+01  9.7719D+09  9.7719D+09        58
  1.5205D+04  1.0268D+05  1.0268D+05  5.3568D+05  5.3568D+05  5.2313D+09  5.2307D+09  6.7076D+01  1.0328D+01  1.0448D+10  1.0448D+10        59


   ZERO-TEMPERATURE ISOTHERM

        RHO          P         DPDR          E          ETA       GAMMA      T(PSI=1)     THETA       GIBBS
      kg/m**3       GPa	    (m/sec)**2     J/kg                                K           K          J/kg

    1.2500D+04  7.7932D+03  1.4313D+09  3.6624D+08  1.0000D+01  1.6800D+00  3.2048D+06 -3.6594D+03  9.8969D+08
    1.1400D+04  6.2948D+03  1.2929D+09  3.1215D+08  9.1201D+00  1.6512D+00  2.4067D+06 -3.1389D+03  8.6432D+08
    1.0397D+04  5.0621D+03  1.1646D+09  2.6434D+08  8.3176D+00  1.6201D+00  1.8173D+06 -2.6999D+03  7.5122D+08
    9.4822D+03  4.0509D+03  1.0458D+09  2.2229D+08  7.5858D+00  1.5865D+00  1.3805D+06 -2.3292D+03  6.4949D+08
    8.6479D+03  3.2241D+03  9.3576D+08  1.8548D+08  6.9183D+00  1.5503D+00  1.0554D+06 -2.0158D+03  5.5831D+08
    7.8870D+03  2.5507D+03  8.3407D+08  1.5346D+08  6.3096D+00  1.5114D+00  8.1253D+05 -1.7507D+03  4.7686D+08
    7.1930D+03  2.0044D+03  7.4020D+08  1.2577D+08  5.7544D+00  1.4695D+00  6.3019D+05 -1.5261D+03  4.0442D+08
    6.5601D+03  1.5632D+03  6.5368D+08  1.0199D+08  5.2481D+00  1.4248D+00  4.9268D+05 -1.3356D+03  3.4029D+08
    5.9829D+03  1.2089D+03  5.7408D+08  8.1744D+07  4.7863D+00  1.3769D+00  3.8848D+05 -1.1739D+03  2.8380D+08
    5.4564D+03  9.2588D+02  5.0101D+08  6.4653D+07  4.3652D+00  1.3261D+00  3.0911D+05 -1.0365D+03  2.3434D+08
    4.9763D+03  7.0139D+02  4.3410D+08  5.0375D+07  3.9811D+00  1.2721D+00  2.4835D+05 -9.1959D+02  1.9132D+08
    4.5385D+03  5.2469D+02  3.7302D+08  3.8586D+07  3.6308D+00  1.2153D+00  2.0157D+05 -8.2004D+02  1.5419D+08
    4.1391D+03  3.8683D+02  3.1745D+08  2.8981D+07  3.3113D+00  1.1556D+00  1.6537D+05 -7.3521D+02  1.2244D+08
    3.7749D+03  2.8039D+02  2.6712D+08  2.1279D+07  3.0200D+00  1.0934D+00  1.3721D+05 -6.6286D+02  9.5557D+07
    3.4428D+03  1.9922D+02  2.2178D+08  1.5214D+07  2.7542D+00  1.0292D+00  1.1517D+05 -6.0112D+02  7.3080D+07
    3.1399D+03  1.3821D+02  1.8118D+08  1.0541D+07  2.5119D+00  9.6341D-01  9.7841D+04 -5.4841D+02  5.4559D+07
    2.8636D+03  9.3158D+01  1.4514D+08  7.0331D+06  2.2909D+00  8.9694D-01  8.4139D+04 -5.0338D+02  3.9565D+07
    2.6116D+03  6.0607D+01  1.1346D+08  4.4821D+06  2.0893D+00  8.3083D-01  7.3245D+04 -4.6489D+02  2.7689D+07
    2.3818D+03  3.7720D+01  8.5998D+07  2.6983D+06  1.9055D+00  7.6650D-01  6.4535D+04 -4.3192D+02  1.8535D+07
    2.1722D+03  2.2181D+01  6.2603D+07  1.5113D+06  1.7378D+00  7.0577D-01  5.7521D+04 -4.0362D+02  1.1722D+07
    1.9811D+03  1.2107D+01  4.3162D+07  7.7052D+05  1.5849D+00  6.5096D-01  5.1819D+04 -3.7920D+02  6.8815D+06
    1.8068D+03  5.9753D+00  2.7582D+07  3.4583D+05  1.4454D+00  6.0503D-01  4.7121D+04 -3.5792D+02  3.6529D+06
    1.6478D+03  2.5633D+00  1.5787D+07  1.2900D+05  1.3183D+00  5.7172D-01  4.3165D+04 -3.3908D+02  1.6845D+06
    1.5028D+03  8.9482D-01  7.7221D+06  3.4968D+04  1.2023D+00  5.5567D-01  3.9724D+04 -3.2197D+02  6.3039D+05
    1.3706D+03  1.9872D-01  3.3533D+06  3.6438D+03  1.0965D+00  5.6269D-01  3.6592D+04 -3.0587D+02  1.4863D+05
    1.2500D+03 -1.1898D-01  2.2011D+06  1.9138D+03  1.0000D+00  6.0000D-01  3.3573D+04 -2.9000D+02 -9.3267D+04
    1.1400D+03 -3.2581D-01  1.5697D+06  1.9770D+04  9.1201D-01  6.4815D-01  3.0540D+04 -2.7377D+02 -2.6603D+05
    1.0397D+03 -4.5654D-01  1.0452D+06  5.3415D+04  8.3176D-01  6.8396D-01  2.7568D+04 -2.5746D+02 -3.8569D+05
    9.4822D+02 -5.3198D-01  6.1118D+05  9.9694D+04  7.5858D-01  7.0988D-01  2.4744D+04 -2.4144D+02 -4.6133D+05
    8.6479D+02 -5.6780D-01  2.5374D+05  1.5595D+05  6.9183D-01  7.2792D-01  2.2121D+04 -2.2596D+02 -5.0063D+05
    7.8870D+02 -5.7576D-01 -3.8985D+04  2.1996D+05  6.3096D-01  7.3971D-01  1.9722D+04 -2.1118D+02 -5.1006D+05
    7.1930D+02 -5.6464D-01 -2.7707D+05  2.8986D+05  5.7544D-01  7.4659D-01  1.7553D+04 -1.9720D+02 -4.9512D+05
    6.5601D+02 -5.4089D-01 -4.6909D+05  3.6409D+05  5.2481D-01  7.4963D-01  1.5609D+04 -1.8407D+02 -4.6043D+05
    5.9829D+02 -5.0929D-01 -6.2233D+05  4.4135D+05  4.7863D-01  7.4973D-01  1.3876D+04 -1.7178D+02 -4.0990D+05
    5.4564D+02 -4.7327D-01 -7.4298D+05  5.2057D+05  4.3652D-01  7.4758D-01  1.2338D+04 -1.6034D+02 -3.4680D+05
    4.9763D+02 -4.3530D-01 -8.3628D+05  6.0086D+05  3.9811D-01  7.4377D-01  1.0977D+04 -1.4969D+02 -2.7388D+05
    4.5385D+02 -3.9708D-01 -9.0671D+05  6.8148D+05  3.6308D-01  7.3875D-01  9.7738D+03 -1.3981D+02 -1.9345D+05
    4.1391D+02 -3.5981D-01 -9.5804D+05  7.6184D+05  3.3113D-01  7.3289D-01  8.7113D+03 -1.3065D+02 -1.0744D+05
    3.7749D+02 -3.2424D-01 -9.9347D+05  8.4146D+05  3.0199D-01  7.2648D-01  7.7731D+03 -1.2216D+02 -1.7458D+04
    3.4428D+02 -2.9084D-01 -1.0157D+06  9.1995D+05  2.7542D-01  7.1974D-01  6.9444D+03 -1.1429D+02  7.5161D+04
    3.1399D+02 -2.5988D-01 -1.0271D+06  9.9699D+05  2.5119D-01  7.1286D-01  6.2118D+03 -1.0699D+02  1.6931D+05
    2.8636D+02 -2.3145D-01 -1.0296D+06  1.0723D+06  2.2909D-01  7.0596D-01  5.5636D+03 -1.0022D+02  2.6409D+05
    2.6116D+02 -2.0555D-01 -1.0248D+06  1.1458D+06  2.0893D-01  6.9917D-01  4.9893D+03 -9.3943D+01  3.5875D+05
    2.3818D+02 -1.8212D-01 -1.0140D+06  1.2173D+06  1.9055D-01  6.9254D-01  4.4798D+03 -8.8111D+01  4.5268D+05
    2.1722D+02 -1.6102D-01 -9.9857D+05  1.2866D+06  1.7378D-01  6.8615D-01  4.0272D+03 -8.2691D+01  5.4539D+05
    1.9811D+02 -1.4211D-01 -9.7936D+05  1.3538D+06  1.5849D-01  6.8002D-01  3.6245D+03 -7.7649D+01  6.3651D+05
    1.8068D+02 -1.2522D-01 -9.5722D+05  1.4188D+06  1.4454D-01  6.7419D-01  3.2657D+03 -7.2954D+01  7.2571D+05
    1.6478D+02 -1.1019D-01 -9.3284D+05  1.4815D+06  1.3183D-01  6.6867D-01  2.9454D+03 -6.8580D+01  8.1277D+05
    1.5028D+02 -9.6849D-02 -9.0680D+05  1.5419D+06  1.2023D-01  6.6346D-01  2.6592D+03 -6.4499D+01  8.9749D+05
    1.3706D+02 -8.5035D-02 -8.7959D+05  1.6002D+06  1.0965D-01  6.5857D-01  2.4030D+03 -6.0690D+01  9.7977D+05
    1.2500D+02 -7.4593D-02 -8.5159D+05  1.6562D+06  1.0000D-01  6.5400D-01  2.1735D+03 -5.7130D+01  1.0595D+06
    1.1400D+02 -6.5380D-02 -8.2315D+05  1.7101D+06  9.1201D-02  6.4973D-01  1.9674D+03 -5.3801D+01  1.1366D+06
    1.0397D+02 -5.7264D-02 -7.9453D+05  1.7619D+06  8.3176D-02  6.4575D-01  1.7822D+03 -5.0685D+01  1.2111D+06
    9.4822D+01 -5.0125D-02 -7.6595D+05  1.8116D+06  7.5858D-02  6.4206D-01  1.6156D+03 -4.7767D+01  1.2830D+06
    8.6479D+01 -4.3851D-02 -7.3761D+05  1.8593D+06  6.9183D-02  6.3864D-01  1.4656D+03 -4.5031D+01  1.3522D+06
    7.8869D+01 -3.8343D-02 -7.0963D+05  1.9050D+06  6.3096D-02  6.3547D-01  1.3302D+03 -4.2465D+01  1.4189D+06
    7.1930D+01 -3.3513D-02 -6.8215D+05  1.9489D+06  5.7544D-02  6.3254D-01  1.2081D+03 -4.0056D+01  1.4830D+06
    6.5601D+01 -2.9280D-02 -6.5524D+05  1.9909D+06  5.2481D-02  6.2984D-01  1.0977D+03 -3.7794D+01  1.5445D+06
    5.9829D+01 -2.5572D-02 -6.2899D+05  2.0311D+06  4.7863D-02  6.2734D-01  9.9793D+02 -3.5668D+01  1.6037D+06
    5.4564D+01 -2.2328D-02 -6.0344D+05  2.0696D+06  4.3651D-02  6.2505D-01  9.0760D+02 -3.3669D+01  1.6604D+06
    4.9763D+01 -1.9490D-02 -5.7863D+05  2.1065D+06  3.9811D-02  6.2294D-01  8.2578D+02 -3.1789D+01  1.7149D+06
    4.5385D+01 -1.7008D-02 -5.5460D+05  2.1418D+06  3.6308D-02  6.2099D-01  7.5162D+02 -3.0019D+01  1.7670D+06
    4.1391D+01 -1.4839D-02 -5.3135D+05  2.1756D+06  3.3113D-02  6.1921D-01  6.8435D+02 -2.8353D+01  1.8170D+06
    3.7749D+01 -1.2945D-02 -5.0889D+05  2.2079D+06  3.0199D-02  6.1757D-01  6.2330D+02 -2.6783D+01  1.8649D+06
    3.4428D+01 -1.1290D-02 -4.8723D+05  2.2387D+06  2.7542D-02  6.1607D-01  5.6786D+02 -2.5304D+01  1.9108D+06
    3.1398D+01 -9.8454D-03 -4.6636D+05  2.2683D+06  2.5119D-02  6.1469D-01  5.1749D+02 -2.3910D+01  1.9547D+06
    2.8636D+01 -8.5844D-03 -4.4628D+05  2.2965D+06  2.2909D-02  6.1343D-01  4.7170D+02 -2.2595D+01  1.9967D+06
    2.6116D+01 -7.4841D-03 -4.2696D+05  2.3235D+06  2.0893D-02  6.1227D-01  4.3006D+02 -2.1355D+01  2.0369D+06
    2.3818D+01 -6.5241D-03 -4.0840D+05  2.3493D+06  1.9055D-02  6.1121D-01  3.9217D+02 -2.0185D+01  2.0754D+06
    2.1722D+01 -5.6867D-03 -3.9058D+05  2.3740D+06  1.7378D-02  6.1025D-01  3.5769D+02 -1.9081D+01  2.1122D+06
    1.9811D+01 -4.9564D-03 -3.7348D+05  2.3976D+06  1.5849D-02  6.0936D-01  3.2630D+02 -1.8039D+01  2.1474D+06
    1.8068D+01 -4.3195D-03 -3.5708D+05  2.4201D+06  1.4454D-02  6.0855D-01  2.9770D+02 -1.7055D+01  2.1810D+06
    1.6478D+01 -3.7643D-03 -3.4135D+05  2.4416D+06  1.3183D-02  6.0781D-01  2.7166D+02 -1.6126D+01  2.2132D+06
    1.5028D+01 -3.2802D-03 -3.2629D+05  2.4622D+06  1.2023D-02  6.0713D-01  2.4792D+02 -1.5248D+01  2.2439D+06
    1.3706D+01 -2.8582D-03 -3.1185D+05  2.4818D+06  1.0965D-02  6.0651D-01  2.2629D+02 -1.4420D+01  2.2733D+06
    1.2500D+01 -2.4903D-03 -2.9803D+05  2.5006D+06  1.0000D-02  6.0594D-01  2.0656D+02 -1.3636D+01  2.3014D+06
    1.1400D+01 -2.1698D-03 -2.8480D+05  2.5185D+06  9.1201D-03  6.0542D-01  1.8857D+02 -1.2897D+01  2.3282D+06
    1.0397D+01 -1.8904D-03 -2.7214D+05  2.5357D+06  8.3176D-03  6.0495D-01  1.7217D+02 -1.2197D+01  2.3539D+06
    9.4822D+00 -1.6469D-03 -2.6003D+05  2.5521D+06  7.5858D-03  6.0452D-01  1.5721D+02 -1.1537D+01  2.3784D+06
    8.6479D+00 -1.4348D-03 -2.4844D+05  2.5677D+06  6.9183D-03  6.0412D-01  1.4355D+02 -1.0912D+01  2.4018D+06
    7.8869D+00 -1.2499D-03 -2.3735D+05  2.5826D+06  6.3096D-03  6.0376D-01  1.3109D+02 -1.0322D+01  2.4241D+06
    7.1930D+00 -1.0888D-03 -2.2675D+05  2.5969D+06  5.7544D-03  6.0343D-01  1.1973D+02 -9.7635D+00  2.4455D+06
    6.5601D+00 -9.4851D-04 -2.1662D+05  2.6105D+06  5.2481D-03  6.0313D-01  1.0935D+02 -9.2358D+00  2.4659D+06
    5.9829D+00 -8.2625D-04 -2.0693D+05  2.6235D+06  4.7863D-03  6.0286D-01  9.9876D+01 -8.7368D+00  2.4854D+06
    5.4564D+00 -7.1974D-04 -1.9767D+05  2.6360D+06  4.3651D-03  6.0261D-01  9.1229D+01 -8.2650D+00  2.5041D+06
    4.9763D+00 -6.2694D-04 -1.8881D+05  2.6478D+06  3.9811D-03  6.0238D-01  8.3334D+01 -7.8189D+00  2.5219D+06
    4.5385D+00 -5.4611D-04 -1.8035D+05  2.6592D+06  3.6308D-03  6.0217D-01  7.6125D+01 -7.3970D+00  2.5389D+06
    4.1391D+00 -4.7569D-04 -1.7227D+05  2.6700D+06  3.3113D-03  6.0198D-01  6.9543D+01 -6.9979D+00  2.5551D+06
    3.7749D+00 -4.1434D-04 -1.6454D+05  2.6804D+06  3.0199D-03  6.0181D-01  6.3532D+01 -6.6206D+00  2.5706D+06
    3.4428D+00 -3.6091D-04 -1.5716D+05  2.6902D+06  2.7542D-03  6.0165D-01  5.8042D+01 -6.2636D+00  2.5854D+06
    3.1398D+00 -3.1436D-04 -1.5011D+05  2.6997D+06  2.5119D-03  6.0150D-01  5.3028D+01 -5.9260D+00  2.5996D+06
    2.8636D+00 -2.7381D-04 -1.4337D+05  2.7087D+06  2.2909D-03  6.0137D-01  4.8448D+01 -5.6067D+00  2.6131D+06
    2.6116D+00 -2.3850D-04 -1.3693D+05  2.7173D+06  2.0893D-03  6.0125D-01  4.4265D+01 -5.3046D+00  2.6260D+06
    2.3818D+00 -2.0773D-04 -1.3078D+05  2.7255D+06  1.9055D-03  6.0114D-01  4.0444D+01 -5.0189D+00  2.6383D+06
    2.1722D+00 -1.8094D-04 -1.2490D+05  2.7334D+06  1.7378D-03  6.0104D-01  3.6954D+01 -4.7486D+00  2.6501D+06
    1.9811D+00 -1.5759D-04 -1.1929D+05  2.7409D+06  1.5849D-03  6.0095D-01  3.3765D+01 -4.4928D+00  2.6613D+06
    1.8068D+00 -1.3726D-04 -1.1393D+05  2.7480D+06  1.4454D-03  6.0087D-01  3.0852D+01 -4.2509D+00  2.6721D+06
    1.6478D+00 -1.1956D-04 -1.0881D+05  2.7549D+06  1.3183D-03  6.0079D-01  2.8191D+01 -4.0221D+00  2.6823D+06
    1.5028D+00 -1.0413D-04 -1.0392D+05  2.7614D+06  1.2023D-03  6.0072D-01  2.5759D+01 -3.8056D+00  2.6921D+06
    1.3706D+00 -9.0698D-05 -9.9243D+04  2.7676D+06  1.0965D-03  6.0066D-01  2.3538D+01 -3.6008D+00  2.7015D+06
    1.2500D+00 -7.8996D-05 -9.4780D+04  2.7736D+06  1.0000D-03  6.0060D-01  2.1508D+01 -3.4070D+00  2.7104D+06


   HUGONIOT

      RHO          T           P          PC           E           S           V           U       RHO/RHOO  #IT  STATE
    kg/m**3        K          GPa        GPa          J/kg      J/kg-K       km/sec      km/sec

  1.0000D+03  2.9803D+02  2.3668D-02 -1.1052D-19  7.3742D+05  3.7494D+03  1.2333D+00  0.0000D+00  1.0000D+00  0  INITIAL
  1.0203D+03  3.0175D+02  5.5375D-02 -4.7594D-01  7.3820D+05  3.7494D+03  1.2639D+00  2.5087D-02  1.0203D+00  3  LIQUID 
  1.0363D+03  3.0465D+02  8.1717D-02 -4.6012D-01  7.3926D+05  3.7495D+03  1.2881D+00  4.5065D-02  1.0363D+00  2  LIQUID 
  1.0524D+03  3.0755D+02  1.0944D-01 -4.4289D-01  7.4073D+05  3.7497D+03  1.3128D+00  6.5340D-02  1.0524D+00  2  LIQUID 
  1.0686D+03  3.1045D+02  1.3855D-01 -4.2424D-01  7.4262D+05  3.7501D+03  1.3377D+00  8.5879D-02  1.0686D+00  2  LIQUID 
  1.0849D+03  3.1335D+02  1.6901D-01 -4.0415D-01  7.4496D+05  3.7506D+03  1.3628D+00  1.0664D-01  1.0849D+00  2  LIQUID 
  1.1012D+03  3.1625D+02  2.0080D-01 -3.8263D-01  7.4773D+05  3.7514D+03  1.3882D+00  1.2760D-01  1.1012D+00  2  LIQUID 
  1.1175D+03  3.1916D+02  2.3389D-01 -3.5971D-01  7.5096D+05  3.7525D+03  1.4137D+00  1.4870D-01  1.1175D+00  2  LIQUID 
  1.1311D+03  3.2206D+02  2.6106D-01 -3.3953D-01  7.5392D+05  3.7534D+03  1.4310D+00  1.6590D-01  1.1311D+00  3  SOL+LIQ
  1.1408D+03  3.2496D+02  2.7836D-01 -3.2463D-01  7.5605D+05  3.7538D+03  1.4367D+00  1.7728D-01  1.1408D+00  3  SOL+LIQ
  1.1504D+03  3.2786D+02  2.9585D-01 -3.0929D-01  7.5830D+05  3.7543D+03  1.4431D+00  1.8861D-01  1.1504D+00  4  SOL+LIQ
  1.1599D+03  3.3076D+02  3.1356D-01 -2.9350D-01  7.6066D+05  3.7548D+03  1.4501D+00  1.9991D-01  1.1599D+00  2  SOL+LIQ
  1.2163D+03  3.4817D+02  4.2426D-01 -1.8981D-01  7.7724D+05  3.7604D+03  1.5009D+00  2.6690D-01  1.2163D+00  4  SOL+LIQ
  1.3062D+03  3.7718D+02  6.2891D-01  1.4408D-02  8.1391D+05  3.7801D+03  1.6067D+00  3.7669D-01  1.3062D+00  4  SOL+LIQ
  1.3862D+03  4.0620D+02  8.7192D-01  2.5356D-01  8.6217D+05  3.8197D+03  1.7449D+00  4.8613D-01  1.3862D+00  5  SOL+LIQ
  1.4562D+03  4.3521D+02  1.2381D+00  5.8046D-01  9.3504D+05  3.9075D+03  1.9689D+00  6.1678D-01  1.4562D+00  5  SOLID  
  1.5114D+03  4.6423D+02  1.6991D+00  9.6248D-01  1.0289D+06  4.0351D+03  2.2253D+00  7.5293D-01  1.5114D+00  5  SOLID  
  1.6092D+03  5.2225D+02  3.1357D+00  2.0011D+00  1.3354D+06  4.4640D+03  2.8671D+00  1.0854D+00  1.6092D+00  5  SOL+LIQ
  1.6614D+03  5.8028D+02  4.1639D+00  2.7842D+00  1.5710D+06  4.7648D+03  3.2249D+00  1.2838D+00  1.6614D+00  4  LIQUID 
  1.6985D+03  6.3831D+02  4.9968D+00  3.4500D+00  1.7697D+06  4.9926D+03  3.4775D+00  1.4301D+00  1.6985D+00  3  LIQUID 
  1.7305D+03  6.9634D+02  5.8187D+00  4.1035D+00  1.9706D+06  5.2056D+03  3.7051D+00  1.5641D+00  1.7305D+00  3  LIQUID 
  1.7845D+03  8.1239D+02  7.4388D+00  5.3818D+00  2.3778D+06  5.5931D+03  4.1069D+00  1.8055D+00  1.7845D+00  3  LIQUID 
  1.8297D+03  9.2845D+02  9.0350D+00  6.6293D+00  2.7913D+06  5.9382D+03  4.4578D+00  2.0215D+00  1.8297D+00  3  LIQUID 
  1.8689D+03  1.0445D+03  1.0612D+01  7.8509D+00  3.2099D+06  6.2489D+03  4.7722D+00  2.2188D+00  1.8689D+00  3  LIQUID 
  1.9038D+03  1.1606D+03  1.2173D+01  9.0494D+00  3.6324D+06  6.5313D+03  5.0588D+00  2.4016D+00  1.9038D+00  3  LIQUID 
  1.9640D+03  1.3927D+03  1.5249D+01  1.1384D+01  4.4858D+06  7.0286D+03  5.5695D+00  2.7338D+00  1.9640D+00  3  LIQUID 
  2.0154D+03  1.6248D+03  1.8275D+01  1.3645D+01  5.3471D+06  7.4564D+03  6.0188D+00  3.0324D+00  2.0154D+00  3  LIQUID 
  2.0606D+03  1.8569D+03  2.1260D+01  1.5844D+01  6.2148D+06  7.8322D+03  6.4234D+00  3.3061D+00  2.0606D+00  3  LIQUID 
  2.1011D+03  2.0890D+03  2.4219D+01  1.7997D+01  7.0898D+06  8.1682D+03  6.7947D+00  3.5609D+00  2.1011D+00  3  LIQUID 
  2.1383D+03  2.3211D+03  2.7166D+01  2.0117D+01  7.9746D+06  8.4734D+03  7.1406D+00  3.8012D+00  2.1383D+00  3  LIQUID 
  2.2210D+03  2.9014D+03  3.4583D+01  2.5359D+01  1.0250D+07  9.1420D+03  7.9287D+00  4.3588D+00  2.2210D+00  3  LIQUID 
  2.2940D+03  3.4817D+03  4.2181D+01  3.0608D+01  1.2641D+07  9.7205D+03  8.6450D+00  4.8765D+00  2.2940D+00  3  LIQUID 
  2.3599D+03  4.0620D+03  4.9984D+01  3.5864D+01  1.5146D+07  1.0237D+04  9.3112D+00  5.3656D+00  2.3599D+00  3  LIQUID 
  2.4196D+03  4.6423D+03  5.7920D+01  4.1053D+01  1.7736D+07  1.0703D+04  9.9338D+00  5.8283D+00  2.4196D+00  3  LIQUID 
  2.4734D+03  5.2225D+03  6.5887D+01  4.6085D+01  2.0369D+07  1.1125D+04  1.0515D+01  6.2638D+00  2.4734D+00  3  LIQUID 
  2.5216D+03  5.8028D+03  7.3792D+01  5.0889D+01  2.3009D+07  1.1506D+04  1.1057D+01  6.6719D+00  2.5216D+00  3  LIQUID 
  2.5647D+03  6.3831D+03  8.1563D+01  5.5420D+01  2.5625D+07  1.1851D+04  1.1561D+01  7.0531D+00  2.5647D+00  3  LIQUID 
  2.6032D+03  6.9634D+03  8.9158D+01  5.9658D+01  2.8199D+07  1.2163D+04  1.2030D+01  7.4091D+00  2.6032D+00  3  LIQUID 
  2.6377D+03  7.5437D+03  9.6553D+01  6.3603D+01  3.0718D+07  1.2447D+04  1.2469D+01  7.7416D+00  2.6377D+00  3  LIQUID 
  2.6685D+03  8.1239D+03  1.0374D+02  6.7265D+01  3.3177D+07  1.2705D+04  1.2879D+01  8.0529D+00  2.6685D+00  3  LIQUID 
  2.6963D+03  8.7042D+03  1.1072D+02  7.0664D+01  3.5573D+07  1.2940D+04  1.3265D+01  8.3452D+00  2.6963D+00  3  LIQUID 
  2.7215D+03  9.2845D+03  1.1750D+02  7.3820D+01  3.7908D+07  1.3156D+04  1.3628D+01  8.6204D+00  2.7215D+00  3  LIQUID 
  2.7443D+03  9.8648D+03  1.2410D+02  7.6756D+01  4.0185D+07  1.3355D+04  1.3972D+01  8.8806D+00  2.7443D+00  3  LIQUID 
  2.7652D+03  1.0445D+04  1.3053D+02  7.9496D+01  4.2407D+07  1.3539D+04  1.4298D+01  9.1274D+00  2.7652D+00  2  LIQUID 
  2.7844D+03  1.1025D+04  1.3680D+02  8.2061D+01  4.4580D+07  1.3710D+04  1.4609D+01  9.3624D+00  2.7844D+00  2  LIQUID 
  2.8021D+03  1.1606D+04  1.4294D+02  8.4470D+01  4.6708D+07  1.3870D+04  1.4907D+01  9.5870D+00  2.8021D+00  2  LIQUID 
  2.8338D+03  1.2766D+04  1.5485D+02  8.8893D+01  5.0849D+07  1.4159D+04  1.5468D+01  1.0010D+01  2.8338D+00  3  LIQUID 
  2.8617D+03  1.3927D+04  1.6638D+02  9.2889D+01  5.4865D+07  1.4416D+04  1.5991D+01  1.0403D+01  2.8617D+00  3  LIQUID 
  2.8868D+03  1.5087D+04  1.7761D+02  9.6555D+01  5.8788D+07  1.4647D+04  1.6484D+01  1.0774D+01  2.8868D+00  3  LIQUID 
  2.9096D+03  1.6248D+04  1.8863D+02  9.9968D+01  6.2644D+07  1.4857D+04  1.6952D+01  1.1126D+01  2.9096D+00  2  LIQUID 
  2.9307D+03  1.7408D+04  1.9949D+02  1.0319D+02  6.6455D+07  1.5050D+04  1.7401D+01  1.1463D+01  2.9307D+00  2  LIQUID 
  2.9692D+03  1.9730D+04  2.2095D+02  1.0921D+02  7.4013D+07  1.5393D+04  1.8251D+01  1.2104D+01  2.9692D+00  3  LIQUID 
  3.0211D+03  2.3211D+04  2.5297D+02  1.1762D+02  8.5364D+07  1.5830D+04  1.9445D+01  1.3009D+01  3.0211D+00  3  LIQUID 
  3.0985D+03  2.9014D+04  3.0714D+02  1.3083D+02  1.0475D+08  1.6425D+04  2.1295D+01  1.4422D+01  3.0985D+00  3  LIQUID 
  3.1687D+03  3.4817D+04  3.6304D+02  1.4349D+02  1.2498D+08  1.6914D+04  2.3031D+01  1.5762D+01  3.1687D+00  3  LIQUID 
  3.2916D+03  4.6423D+04  4.8019D+02  1.6723D+02  1.6790D+08  1.7709D+04  2.6262D+01  1.8284D+01  3.2916D+00  3  LIQUID 
  3.3930D+03  5.8028D+04  6.0304D+02  1.8834D+02  2.1340D+08  1.8357D+04  2.9241D+01  2.0623D+01  3.3930D+00  3  LIQUID 
  3.4757D+03  6.9634D+04  7.2998D+02  2.0660D+02  2.6073D+08  1.8916D+04  3.2013D+01  2.2802D+01  3.4757D+00  3  LIQUID 
  3.5432D+03  8.1239D+04  8.5991D+02  2.2218D+02  3.0935D+08  1.9414D+04  3.4612D+01  2.4844D+01  3.5432D+00  3  LIQUID 
  3.5985D+03  9.2845D+04  9.9211D+02  2.3540D+02  3.5895D+08  1.9866D+04  3.7066D+01  2.6765D+01  3.5985D+00  3  LIQUID 
  3.6440D+03  1.0445D+05  1.1261D+03  2.4661D+02  4.0928D+08  2.0282D+04  3.9395D+01  2.8584D+01  3.6440D+00  2  LIQUID 
  3.6818D+03  1.1606D+05  1.2616D+03  2.5611D+02  4.6020D+08  2.0668D+04  4.1617D+01  3.0313D+01  3.6818D+00  2  LIQUID 


 EOS package call numbers
        ANEOS number =      -1        ALL 
 Calls to
 ANEOS                     1173      1173
 ANEOS1                   53477     53477
 ANION2                   47127     47127
 ANEOS1 from ANEOSV         891       891
 ANE2PH from ANEOSV           3         3
 ANELSM from ANEOSV        1172      1172
 ANELSM                    1172      1172
 ANEOS1 from ANE2PH           6         6
 ANEOS1 from ANELSM       52580     52580
 ANEOS1/ANEOSV        4.559E+01 4.559E+01
 ANION2 iter. count   4.558E-01 4.558E-01
 Calls to eos tables =         0
