

  Data for ANEOS number  -1   library number    0  type 99     ver 09/30/13

  FUSED_SILICA_v0.2                                       RHUG= 2.20000D+00
                                                          THUG=-1.00000D+00



Constructing melt curve table for use with solid-solid transition


  IN( 1)= 2.000000000D+00  IN(17)= 0.000000000D+00  IN(33)= 0.000000000D+00
  IN( 2)= 4.000000000D+00  IN(18)= 2.920000000D+00  IN(34)= 0.000000000D+00
  IN( 3)= 2.200000000D+00  IN(19)= 4.300000000D+00  IN(35)= 0.000000000D+00
  IN( 4)= 2.980000000D+02  IN(20)= 4.000000000D+10  IN(36)= 2.000000000D+00
  IN( 5)= 1.000000000D+06  IN(21)= 2.850000000D+12  IN(37)= 5.000000000D+00
  IN( 6)= 4.000000000D+11  IN(22)= 1.000000000D+01  IN(38)= 2.000000000D+00
  IN( 7)= 5.700000000D-01  IN(23)= 6.600000000D+09  IN(39)= 1.500000000D-08
  IN( 8)=-1.600000000D+03  IN(24)= 9.300000000D-01  IN(40)= 1.000000000D+00
  IN( 9)= 1.000000000D+00  IN(25)= 0.000000000D+00  IN(41)= 2.000000000D+03
  IN(10)= 6.000000000D+00  IN(26)= 0.000000000D+00  IN(42)= 1.000000000D+00
  IN(11)= 1.200000000D+11  IN(27)= 0.000000000D+00  IN(43)= 1.700000000D+00
  IN(12)= 1.996000000D+03  IN(28)= 0.000000000D+00  IN(44)= 1.290000000D+00
  IN(13)=-1.000000000D+12  IN(29)= 0.000000000D+00  IN(45)= 1.000000000D-30
  IN(14)= 9.000000000D-01  IN(30)= 0.000000000D+00  IN(46)= 1.000000000D+05
  IN(15)= 0.000000000D+00  IN(31)=-8.510000000D-01  IN(47)= 0.000000000D+00
  IN(16)= 0.000000000D+00  IN(32)= 5.000000000D-01  IN(48)= 0.000000000D+00

  N0= 0.30071D+23 Mean atomic weight= 0.20030D+02
  Z( 1)=  8.  number fraction( 1)= 6.66670D-01  atoms/gram( 1)= 2.00472D+22
  Z( 2)= 14.  number fraction( 2)= 3.33330D-01  atoms/gram( 2)= 1.00235D+22


NEW: Cv adjust, QCC1, QCC6=   0.129000D+01   0.100000D-29   0.100000D+06


  Zero-temperature isotherm has been modified for a solid-solid phase transition

  PCRITICAL= 4.000355D+10          PCTR(INPUT)= 4.000000D+10
  DPDETA(ETA1)=-1.792719D+10       DPDETA(ETA2)= 2.850000D+12
  D2PDETA2(ETA1)=-1.617789D+11     D2PDETA2(ETA2)= 1.000000D+01
  EC(ETA1)= 3.274860D+09           EC(ETA2)= 7.671555D+09
  TGAMSTAR=-1.201880D+01           TGAM= 1.000000D+00



  REFERENCE POINT CONDITIONS

  T=   2.567717D-02      RHO=    2.200000D+00      P=   1.000000D+06
  E=   4.336947D+08      DPDT=   7.197300D+10      CV=  5.805318D+10
  S=   2.075647D+10      DPDR=   1.818182D+11      B0=  4.000000D+11
  CS=  4.269562D+05      GAMMA=  5.635350D-01


  TWO-PHASE CALCULATION FOR MATERIAL     1

  CRITICAL POINT
  RHO=  5.0733670D-01       T=  6.4731361D-01         P=  3.9028441D+09
  E=  1.6802122D+11         S=  6.6960237D+11         NTY=   30


  TWO-PHASE BOUNDARIES
       T         RHOLIQ        RHOVAP        PLIQ         PVAP        ELIQ         EVAP         SLIQ         SVAP        GLIQ         GVAP         PSILIQ      PSIVAP         NTY
       K         kg/m**3       kg/m**3       GPa          GPa         J/kg         J/kg        J/kg-K       J/kg-K       J/kg         J/kg

  7.51249D+03  5.07337D+02  5.07337D+02  3.90284D-01  3.90284D-01  1.68021D+07  1.68021D+07  5.76996D+03  5.76996D+03 -2.57729D+07 -2.57729D+07  4.55903D-02  4.55903D-02      0
  7.42055D+03  6.25787D+02  3.69414D+02  3.60483D-01  3.60483D-01  1.58045D+07  1.77090D+07  5.61780D+03  5.92835D+03 -2.53042D+07 -2.53042D+07  3.68786D-02  4.68003D-02     12
  7.32861D+03  6.92725D+02  3.27125D+02  3.34384D-01  3.34384D-01  1.52038D+07  1.78958D+07  5.52923D+03  5.97018D+03 -2.48326D+07 -2.48326D+07  3.44204D-02  4.83129D-02     11
  7.23666D+03  7.40822D+02  2.93355D+02  3.09471D-01  3.09471D-01  1.47450D+07  1.80183D+07  5.46219D+03  6.00260D+03 -2.43630D+07 -2.43630D+07  3.26906D-02  4.94647D-02     11
  7.14472D+03  7.81343D+02  2.64866D+02  2.85733D-01  2.85733D-01  1.43449D+07  1.81009D+07  5.40376D+03  6.02930D+03 -2.38955D+07 -2.38955D+07  3.12642D-02  5.03790D-02     10
  7.05278D+03  8.17409D+02  2.40048D+02  2.63161D-01  2.63161D-01  1.39805D+07  1.81556D+07  5.35033D+03  6.05214D+03 -2.34301D+07 -2.34301D+07  3.00209D-02  5.11175D-02      9
  6.96084D+03  8.50452D+02  2.17983D+02  2.41749D-01  2.41749D-01  1.36409D+07  1.81894D+07  5.30024D+03  6.07221D+03 -2.29668D+07 -2.29668D+07  2.89048D-02  5.17157D-02      9
  6.86890D+03  8.81273D+02  1.98098D+02  2.21483D-01  2.21483D-01  1.33202D+07  1.82069D+07  5.25255D+03  6.09020D+03 -2.25056D+07 -2.25056D+07  2.78843D-02  5.21955D-02      9
  6.77696D+03  9.10376D+02  1.80007D+02  2.02352D-01  2.02352D-01  1.30144D+07  1.82110D+07  5.20667D+03  6.10660D+03 -2.20466D+07 -2.20466D+07  2.69393D-02  5.25715D-02      8
  6.68502D+03  9.38104D+02  1.63444D+02  1.84340D-01  1.84340D-01  1.27210D+07  1.82038D+07  5.16220D+03  6.12175D+03 -2.15899D+07 -2.15899D+07  2.60562D-02  5.28536D-02      8
  6.59307D+03  9.64702D+02  1.48213D+02  1.67429D-01  1.67429D-01  1.24380D+07  1.81869D+07  5.11886D+03  6.13589D+03 -2.11355D+07 -2.11355D+07  2.52249D-02  5.30491D-02      8
  6.50113D+03  9.90351D+02  1.34169D+02  1.51598D-01  1.51598D-01  1.21641D+07  1.81615D+07  5.07642D+03  6.14925D+03 -2.06833D+07 -2.06833D+07  2.44381D-02  5.31633D-02      8
  6.40919D+03  1.01519D+03  1.21199D+02  1.36825D-01  1.36825D-01  1.18982D+07  1.81285D+07  5.03471D+03  6.16197D+03 -2.02336D+07 -2.02336D+07  2.36900D-02  5.32003D-02      8
  6.31725D+03  1.03933D+03  1.09218D+02  1.23084D-01  1.23084D-01  1.16393D+07  1.80885D+07  4.99360D+03  6.17420D+03 -1.97863D+07 -1.97863D+07  2.29761D-02  5.31634D-02      8
  6.22531D+03  1.06286D+03  9.81552D+01  1.10345D-01  1.10345D-01  1.13868D+07  1.80421D+07  4.95299D+03  6.18603D+03 -1.93414D+07 -1.93414D+07  2.22927D-02  5.30554D-02      7
  6.13337D+03  1.08584D+03  8.79526D+01  9.85767D-02  9.85767D-02  1.11402D+07  1.79898D+07  4.91277D+03  6.19755D+03 -1.88991D+07 -1.88991D+07  2.16368D-02  5.28789D-02      7
  6.04143D+03  1.10835D+03  7.85613D+01  8.77453D-02  8.77453D-02  1.08989D+07  1.79319D+07  4.87287D+03  6.20884D+03 -1.84593D+07 -1.84593D+07  2.10058D-02  5.26364D-02      7
  5.94948D+03  1.13042D+03  6.99380D+01  7.78133D-02  7.78133D-02  1.06625D+07  1.78687D+07  4.83323D+03  6.21997D+03 -1.80222D+07 -1.80222D+07  2.03977D-02  5.23305D-02      7
  5.85754D+03  1.15210D+03  6.20431D+01  6.87412D-02  6.87412D-02  1.04307D+07  1.78004D+07  4.79378D+03  6.23099D+03 -1.75878D+07 -1.75878D+07  1.98106D-02  5.19637D-02      7
  5.76560D+03  1.17343D+03  5.48389D+01  6.04871D-02  6.04871D-02  1.02032D+07  1.77274D+07  4.75448D+03  6.24194D+03 -1.71561D+07 -1.71561D+07  1.92429D-02  5.15389D-02      7
  5.67366D+03  1.19443D+03  4.82888D+01  5.30075D-02  5.30075D-02  9.97973D+06  1.76497D+07  4.71528D+03  6.25287D+03 -1.67272D+07 -1.67272D+07  1.86933D-02  5.10591D-02      7
  5.58172D+03  1.21512D+03  4.23565D+01  4.62577D-02  4.62577D-02  9.76003D+06  1.75675D+07  4.67613D+03  6.26382D+03 -1.63012D+07 -1.63012D+07  1.81606D-02  5.05277D-02      6
  5.48978D+03  1.23554D+03  3.70054D+01  4.01919D-02  4.01919D-02  9.54392D+06  1.74811D+07  4.63700D+03  6.27482D+03 -1.58782D+07 -1.58782D+07  1.76437D-02  4.99479D-02      6
  5.39783D+03  1.25570D+03  3.21986D+01  3.47641D-02  3.47641D-02  9.33122D+06  1.73906D+07  4.59785D+03  6.28592D+03 -1.54581D+07 -1.54581D+07  1.71416D-02  4.93232D-02      6
  5.30589D+03  1.27562D+03  2.78988D+01  2.99281D-02  2.99281D-02  9.12175D+06  1.72962D+07  4.55864D+03  6.29714D+03 -1.50411D+07 -1.50411D+07  1.66535D-02  4.86573D-02      6
  5.21395D+03  1.29532D+03  2.40689D+01  2.56388D-02  2.56388D-02  8.91537D+06  1.71981D+07  4.51936D+03  6.30853D+03 -1.46272D+07 -1.46272D+07  1.61787D-02  4.79535D-02      6
  5.12201D+03  1.31480D+03  2.06723D+01  2.18515D-02  2.18515D-02  8.71195D+06  1.70964D+07  4.47995D+03  6.32014D+03 -1.42164D+07 -1.42164D+07  1.57164D-02  4.72154D-02      6
  5.03007D+03  1.33408D+03  1.76727D+01  1.85233D-02  1.85233D-02  8.51134D+06  1.69915D+07  4.44039D+03  6.33201D+03 -1.38089D+07 -1.38089D+07  1.52660D-02  4.64461D-02      6
  4.93813D+03  1.35318D+03  1.50353D+01  1.56127D-02  1.56127D-02  8.31346D+06  1.68836D+07  4.40066D+03  6.34422D+03 -1.34047D+07 -1.34047D+07  1.48269D-02  4.56488D-02      5
  4.84619D+03  1.37209D+03  1.27264D+01  1.30803D-02  1.30803D-02  8.11817D+06  1.67728D+07  4.36071D+03  6.35681D+03 -1.30039D+07 -1.30039D+07  1.43987D-02  4.48263D-02      5
  4.75424D+03  1.39083D+03  1.07142D+01  1.08886D-02  1.08886D-02  7.92540D+06  1.66595D+07  4.32053D+03  6.36988D+03 -1.26064D+07 -1.26064D+07  1.39807D-02  4.39811D-02      5
  4.66230D+03  1.40941D+03  8.96865D+00  9.00244D-03  9.00244D-03  7.73505D+06  1.65439D+07  4.28008D+03  6.38350D+03 -1.22125D+07 -1.22125D+07  1.35726D-02  4.31155D-02      5
  4.57036D+03  1.42783D+03  7.46160D+00  7.38879D-03  7.38879D-03  7.54703D+06  1.64262D+07  4.23934D+03  6.39777D+03 -1.18220D+07 -1.18220D+07  1.31739D-02  4.22315D-02      5
  4.47842D+03  1.44610D+03  6.16704D+00  6.01706D-03  6.01702D-03  7.36126D+06  1.63068D+07  4.19827D+03  6.41281D+03 -1.14351D+07 -1.14351D+07  1.27843D-02  4.13309D-02      4
  4.38648D+03  1.46422D+03  5.06098D+00  4.85880D-03  4.85878D-03  7.17769D+06  1.61859D+07  4.15684D+03  6.42872D+03 -1.10518D+07 -1.10518D+07  1.24033D-02  4.04150D-02      4
  4.29454D+03  1.48219D+03  4.12139D+00  3.88796D-03  3.88795D-03  6.99623D+06  1.60639D+07  4.11503D+03  6.44567D+03 -1.06723D+07 -1.06723D+07  1.20307D-02  3.94852D-02      4
  4.20260D+03  1.50003D+03  3.32819D+00  3.08062D-03  3.08061D-03  6.81683D+06  1.59411D+07  4.07279D+03  6.46379D+03 -1.02964D+07 -1.02964D+07  1.16661D-02  3.85423D-02      4
  4.11065D+03  1.51773D+03  2.66311D+00  2.41498D-03  2.41498D-03  6.63943D+06  1.58177D+07  4.03011D+03  6.48326D+03 -9.92440D+06 -9.92440D+06  1.13092D-02  3.75871D-02      4
  4.01871D+03  1.53529D+03  2.10962D+00  1.87129D-03  1.87129D-03  6.46398D+06  1.56941D+07  3.98694D+03  6.50430D+03 -9.55623D+06 -9.55623D+06  1.09597D-02  3.66202D-02      4
  3.92677D+03  1.55271D+03  1.65278D+00  1.43173D-03  1.43173D-03  6.29043D+06  1.55708D+07  3.94325D+03  6.52712D+03 -9.19198D+06 -9.19198D+06  1.06174D-02  3.56419D-02      4
  3.83483D+03  1.57000D+03  1.27918D+00  1.08033D-03  1.08033D-03  6.11872D+06  1.54480D+07  3.89900D+03  6.55198D+03 -8.83171D+06 -8.83171D+06  1.02820D-02  3.46525D-02      4
  3.74289D+03  1.58715D+03  9.76750D-01  8.02867D-04  8.02867D-04  5.94883D+06  1.53262D+07  3.85415D+03  6.57916D+03 -8.47548D+06 -8.47548D+06  9.95322D-03  3.36522D-02      4
  3.65095D+03  1.60416D+03  7.34738D-01  5.86762D-04  5.86762D-04  5.78071D+06  1.52058D+07  3.80867D+03  6.60902D+03 -8.12337D+06 -8.12337D+06  9.63087D-03  3.26408D-02      5
  3.55901D+03  1.62104D+03  5.43558D-01  4.20984D-04  4.20984D-04  5.61432D+06  1.50873D+07  3.76251D+03  6.64191D+03 -7.77544D+06 -7.77544D+06  9.31470D-03  3.16184D-02      5
  3.46706D+03  1.63776D+03  3.94716D-01  2.95942D-04  2.95942D-04  5.44963D+06  1.49712D+07  3.71562D+03  6.67829D+03 -7.43175D+06 -7.43175D+06  9.00451D-03  3.05846D-02      4
  3.37512D+03  1.65434D+03  2.80734D-01  2.03388D-04  2.03388D-04  5.28661D+06  1.48580D+07  3.66797D+03  6.71863D+03 -7.09240D+06 -7.09240D+06  8.70006D-03  2.95394D-02      5
  3.28318D+03  1.67076D+03  1.95065D-01  1.36311D-04  1.36311D-04  5.12523D+06  1.47483D+07  3.61949D+03  6.76352D+03 -6.75744D+06 -6.75744D+06  8.40116D-03  2.84824D-02      5
  3.21286D+03  1.68320D+03  1.46857D-01  1.00000D-04  1.00000D-04  5.00305D+06  1.46676D+07  3.58174D+03  6.80183D+03 -6.50469D+06 -6.50469D+06  8.17663D-03  2.76648D-02      0
  3.19124D+03  1.68703D+03  1.32032D-01  8.88340D-05  8.88340D-05  4.96547D+06  1.46428D+07  3.57013D+03  6.81360D+03 -6.42697D+06 -6.42697D+06  8.10759D-03  2.74134D-02      4
  3.09930D+03  1.70313D+03  8.67677D-02  5.61124D-05  5.61124D-05  4.80730D+06  1.45421D+07  3.51984D+03  6.86964D+03 -6.10107D+06 -6.10107D+06  7.81914D-03  2.63321D-02      4
  3.00736D+03  1.71906D+03  5.51527D-02  3.42268D-05  3.42268D-05  4.65071D+06  1.44468D+07  3.46855D+03  6.93248D+03 -5.77983D+06 -5.77983D+06  7.53562D-03  2.52383D-02      5
  2.91541D+03  1.73482D+03  3.37616D-02  2.00763D-05  2.00763D-05  4.49566D+06  1.43578D+07  3.41619D+03  7.00311D+03 -5.46335D+06 -5.46335D+06  7.25683D-03  2.41320D-02      5
  2.86944D+03  1.74263D+03  2.60052D-02  1.51300D-05  1.51300D-05  4.41872D+06  1.43158D+07  3.38958D+03  7.04168D+03 -5.30693D+06 -5.30693D+06  7.11915D-03  2.35741D-02      6
  2.82347D+03  1.75039D+03  1.98055D-02  1.12708D-05  1.12708D-05  4.34215D+06  1.42757D+07  3.36268D+03  7.08264D+03 -5.15173D+06 -5.15173D+06  6.98257D-03  2.30132D-02      6
  2.77750D+03  1.75811D+03  1.49034D-02  8.29352D-06  8.29352D-06  4.26597D+06  1.42375D+07  3.33548D+03  7.12614D+03 -4.99778D+06 -4.99778D+06  6.84707D-03  2.24492D-02      7
  2.73153D+03  1.76577D+03  1.10721D-02  6.02383D-06  6.02383D-06  4.19017D+06  1.42012D+07  3.30796D+03  7.17235D+03 -4.84509D+06 -4.84509D+06  6.71263D-03  2.18823D-02      6
  2.68556D+03  1.77339D+03  8.11455D-03  4.31544D-06  4.31544D-06  4.11474D+06  1.41671D+07  3.28011D+03  7.22146D+03 -4.69367D+06 -4.69367D+06  6.57923D-03  2.13124D-02      7
  2.63959D+03  1.78096D+03  5.86170D-03  3.04682D-06  3.04682D-06  4.03969D+06  1.41350D+07  3.25192D+03  7.27366D+03 -4.54354D+06 -4.54354D+06  6.44683D-03  2.07398D-02      7
  2.59362D+03  1.78847D+03  4.16981D-03  2.11821D-06  2.11821D-06  3.96501D+06  1.41052D+07  3.22338D+03  7.32914D+03 -4.39471D+06 -4.39471D+06  6.31541D-03  2.01646D-02      8
  2.54765D+03  1.79593D+03  2.91831D-03  1.44879D-06  1.44879D-06  3.89071D+06  1.40776D+07  3.19447D+03  7.38813D+03 -4.24720D+06 -4.24720D+06  6.18496D-03  1.95870D-02      8
  2.50168D+03  1.80334D+03  2.00743D-03  9.73989D-07  9.73989D-07  3.81679D+06  1.40523D+07  3.16519D+03  7.45085D+03 -4.10103D+06 -4.10103D+06  6.05544D-03  1.90071D-02      6
  2.45571D+03  1.81070D+03  1.35581D-03  6.42966D-07  6.42966D-07  3.74323D+06  1.40293D+07  3.13551D+03  7.51752D+03 -3.95621D+06 -3.95621D+06  5.92682D-03  1.84254D-02      8
  2.40974D+03  1.81799D+03  8.98118D-04  4.16358D-07  4.16358D-07  3.67006D+06  1.40086D+07  3.10543D+03  7.58839D+03 -3.81277D+06 -3.81277D+06  5.79909D-03  1.78420D-02      7
  2.36377D+03  1.82524D+03  5.82859D-04  2.64198D-07  2.64198D-07  3.59725D+06  1.39901D+07  3.07492D+03  7.66370D+03 -3.67072D+06 -3.67072D+06  5.67223D-03  1.72573D-02      6
  2.31780D+03  1.83242D+03  3.70159D-04  1.64097D-07  1.64097D-07  3.52482D+06  1.39739D+07  3.04397D+03  7.74370D+03 -3.53008D+06 -3.53008D+06  5.54619D-03  1.66718D-02      9
  2.27182D+03  1.83954D+03  2.29766D-04  9.96503D-08  9.96503D-08  3.45277D+06  1.39598D+07  3.01257D+03  7.82867D+03 -3.39087D+06 -3.39087D+06  5.42097D-03  1.60859D-02      9
  2.22585D+03  1.84661D+03  1.39226D-04  5.90946D-08  5.90946D-08  3.38109D+06  1.39477D+07  2.98070D+03  7.91887D+03 -3.25312D+06 -3.25312D+06  5.29653D-03  1.55001D-02     10
  2.17988D+03  1.85362D+03  8.22509D-05  3.41800D-08  3.41800D-08  3.30979D+06  1.39374D+07  2.94833D+03  8.01458D+03 -3.11685D+06 -3.11685D+06  5.17286D-03  1.49150D-02     10
  2.13391D+03  1.86056D+03  4.73120D-05  1.92569D-08  1.92569D-08  3.23887D+06  1.39289D+07  2.91544D+03  8.11608D+03 -2.98207D+06 -2.98207D+06  5.04992D-03  1.43313D-02     11
  2.08794D+03  1.86744D+03  2.64619D-05  1.05537D-08  1.05537D-08  3.16833D+06  1.39219D+07  2.88203D+03  8.22367D+03 -2.84882D+06 -2.84882D+06  4.92769D-03  1.37495D-02      9
  2.04197D+03  1.87425D+03  1.43705D-05  5.61836D-09  5.61837D-09  3.09818D+06  1.39162D+07  2.84805D+03  8.33765D+03 -2.71712D+06 -2.71712D+06  4.80615D-03  1.31704D-02     13
  1.99600D+03  1.88100D+03  7.56630D-06  2.53215D-10  2.90104D-09  3.02842D+06  1.39114D+07  2.81349D+03  8.45833D+03 -2.58699D+06 -2.58699D+06  4.68528D-03  1.25948D-02     11
  1.97604D+03  2.02535D+03  5.57042D-06  2.11866D-09  2.11866D-09  2.33584D+06  1.39117D+07  2.46641D+03  8.51734D+03 -2.53760D+06 -2.53760D+06  4.33803D-03  1.23365D-02     12
  1.90951D+03  2.03446D+03  1.91185D-06  7.08309D-10  7.08307D-10  2.22767D+06  1.39129D+07  2.41072D+03  8.72463D+03 -2.37535D+06 -2.37535D+06  4.17883D-03  1.14834D-02     15
  1.84297D+03  2.04342D+03  6.06353D-07  2.18974D-10  2.18971D-10  2.12016D+06  1.39140D+07  2.35341D+03  8.94911D+03 -2.21687D+06 -2.21687D+06  4.02050D-03  1.06447D-02     13
  1.77644D+03  2.05225D+03  1.76643D-07  6.22069D-11  6.22038D-11  2.01331D+06  1.39138D+07  2.29436D+03  9.19205D+03 -2.06225D+06 -2.06225D+06  3.86299D-03  9.82326D-03     13
  1.70991D+03  2.06093D+03  4.69406D-08  1.61205D-11  1.61190D-11  1.90714D+06  1.39111D+07  2.23345D+03  9.45491D+03 -1.91162D+06 -1.91162D+06  3.70622D-03  9.02167D-03     14
  1.64337D+03  2.06947D+03  1.12859D-08  3.77209D-12  3.77768D-12  1.80169D+06  1.39047D+07  2.17054D+03  9.73943D+03 -1.76511D+06 -1.76512D+06  3.55014D-03  8.24250D-03     16
  1.57684D+03  2.07786D+03  2.43118D-09  7.91717D-13  7.92581D-13  1.69696D+06  1.38938D+07  2.10548D+03  1.00477D+04 -1.62286D+06 -1.62286D+06  3.39469D-03  7.48809D-03     16
  1.51031D+03  2.08612D+03  4.63747D-10  1.49959D-13  1.47054D-13  1.59300D+06  1.38773D+07  2.03812D+03  1.03822D+04 -1.48501D+06 -1.48501D+06  3.23981D-03  6.76065D-03     19
  1.44377D+03  2.09423D+03  7.72165D-11  2.61128D-14  2.37740D-14  1.48985D+06  1.38545D+07  1.96827D+03  1.07462D+04 -1.35173D+06 -1.35173D+06  3.08545D-03  6.06215D-03     20
  1.37724D+03  2.10219D+03  1.10281D-11  2.50340D-15  3.28926D-15  1.38757D+06  1.38248D+07  1.89574D+03  1.11434D+04 -1.22318D+06 -1.22318D+06  2.93156D-03  5.39439D-03     21
  1.31071D+03  2.11001D+03  1.32219D-12 -1.74046D-15  3.80970D-16  1.28622D+06  1.37876D+07  1.82032D+03  1.15786D+04 -1.09954D+06 -1.09954D+06  2.77810D-03  4.75897D-03     20
  1.24417D+03  2.11768D+03  1.29570D-13 -2.06530D-15  3.59481D-17  1.18589D+06  1.37426D+07  1.74176D+03  1.20578D+04 -9.81035D+05 -9.81035D+05  2.62503D-03  4.15738D-03     21
  1.17764D+03  2.12518D+03  1.00389D-14 -7.77841D-16  2.67166D-18  1.08669D+06  1.36898D+07  1.65981D+03  1.25884D+04 -8.67863D+05 -8.67863D+05  2.47233D-03  3.59098D-03     22
  1.11111D+03  2.13253D+03  5.89767D-16 -2.60472D-15  1.49904D-19  9.88734D+05  1.36291D+07  1.57419D+03  1.31800D+04 -7.60263D+05 -7.60263D+05  2.31996D-03  3.06112D-03     22
  1.04457D+03  2.13970D+03  2.49129D-17 -3.14116D-15  6.01818D-21  8.92193D+05  1.35608D+07  1.48460D+03  1.38446D+04 -6.58490D+05 -6.58490D+05  2.16793D-03  2.56915D-03     21
  9.78040D+02  2.14669D+03  7.06804D-19  1.99080D-15  1.61381D-22  7.97265D+05  1.34853D+07  1.39070D+03  1.45978D+04 -5.62819D+05 -5.62819D+05  2.01623D-03  2.11652D-03     26
  9.11507D+02  2.15348D+03  1.23238D-20  6.31809D-16  2.64321D-24  7.04206D+05  1.34031D+07  1.29217D+03  1.54601D+04 -4.73547D+05 -4.73547D+05  1.86491D-03  1.70482D-03     28
  8.44973D+02  2.16005D+03  1.17429D-22 -3.71635D-15  2.34960D-26  6.13334D+05  1.33151D+07  1.18866D+03  1.64585D+04 -3.90994D+05 -3.90995D+05  1.71400D-03  1.33576D-03     28
  7.78440D+02  2.16638D+03  5.22085D-25 -3.32296D-16  9.66984D-29  5.25063D+05  1.32220D+07  1.07987D+03  1.76295D+04 -3.15502D+05 -3.15502D+05  1.56360D-03  1.01115D-03     29

 WARNING message from ANEOS package - eos number    -1
  ANMAXW TWO-PHASE CONVERGENCE ERROR AT T= 6.13414D-02 IERR=   -3  9.8379311D-31  2.1724362D+00
 anphas liq-vap construction failure   -3 T= 6.134144E-02

 WARNING message from ANEOS package - eos number    -1
  Iteration failure T=  6.1341E-02 Will leave point out.
   R =  2.1724E+00  9.8379E-31   -3
  6.45373D+02  2.17817D+03  4.17958D-30 -8.67248D-16  5.58817D-34  3.58595D+05  1.23746D+07  8.45675D+02  1.96726D+04 -1.87149D+05 -1.87149D+05  1.26492D-03  1.00000+100     35
  5.78840D+02  2.18354D+03  1.35280D-34  1.89394D-15  1.62270D-38  2.81982D+05  1.23120D+07  7.20459D+02  2.17119D+04 -1.35024D+05 -1.35024D+05  1.11711D-03  1.00000+100     40
  5.12307D+02  2.18846D+03  2.94840D-40  1.89990D-15  3.13353D-44  2.11249D+05  1.22739D+07  5.90764D+02  2.43453D+04 -9.13856D+04 -9.13857D+04  9.70805D-04  1.00000+100     43
  4.45773D+02  2.19284D+03  1.27534D-47  2.13087D-16  1.17984D-51  1.47900D+05  1.22359D+07  4.58501D+02  2.77846D+04 -5.64759D+04 -5.64759D+04  8.26518D-04  1.00000+100     47
  3.79240D+02  2.19655D+03  1.38610D-57 -4.62532D-15  1.09101D-61  9.38029D+04  1.21989D+07  3.27403D+02  3.24565D+04 -3.03542D+04 -3.04832D+04  6.84940D-04  1.00000+100     61
  3.12707D+02  2.19947D+03  8.43465D-72  7.90134D-16  5.47432D-76  5.10765D+04  1.21630D+07  2.04096D+02  3.91465D+04 -1.27420D+04 -1.27967D+04  5.46952D-04  1.00000+100     75
  2.46173D+02  2.20147D+03  1.06061D-93 -1.22972D-15  5.41907D-98  2.15757D+04  1.21279D+07  9.90063D+01  4.94873D+04 -2.79564D+03 -2.79570D+03  4.13635D-04  1.00000+100     91
  1.79640D+02  2.20255D+03  8.76114-132 -3.81786D-15  3.26655-136  5.60459D+03  1.20932D+07  2.49483D+01  6.75244D+04  1.12314D+03  1.12253D+03  2.86314D-04  1.00000+100    133


  DATA ARRAY FOR MATERIAL   1

  C( 1) = 1.325525162D+00  C(31) = 1.000000000D+00  C(61) =-8.510000000D-01
  C( 2) = 1.951971985D+00  C(32) = 1.176169360D+13  C(62) = 5.000000000D-01
  C( 3) = 4.033018845D+11  C(33) = 2.882921165D+00  C(63) = 1.000000000D+00
  C( 4) = 2.725940900D+11  C(34) = 2.485186155D+13  C(64) = 0.000000000D+00
  C( 5) = 3.179496069D+00  C(35) =-5.236662697D+13  C(65) = 0.000000000D+00
  C( 6) = 1.700000000D+00  C(36) = 2.817307944D+13  C(66) = 2.000000000D+00
  C( 7) = 4.000354814D+10  C(37) = 3.118355979D+13  C(67) = 5.000000000D+00
  C( 8) = 3.274860494D+09  C(38) = 5.559673479D+13  C(68) = 2.000000000D+00
  C( 9) =-1.671754024D+13  C(39) =-9.084477785D+13  C(69) = 1.500000000D-08
  C(10) = 1.200000000D+11  C(40) = 3.935480983D+13  C(70) = 1.000000000D+00
  C(11) = 2.200000000D+00  C(41) = 0.000000000D+00  C(71) = 1.000000000D+00
  C(12) = 2.567717075D-02  C(42) = 1.000000000D-01  C(72) = 0.000000000D+00
  C(13) = 8.608032953D-05  C(43) =-2.102147540D+10  C(73) = 6.473136129D-01
  C(14) =-4.902290190D-02  C(44) =-9.137046980D+10  C(74) = 5.073366984D-01
  C(15) = 5.700000000D-01  C(45) = 9.477793863D+10  C(75) = 0.000000000D+00
  C(16) =-2.047520661D-01  C(46) = 2.022585338D+00  C(76) = 0.000000000D+00
  C(17) = 6.418181818D-01  C(47) = 1.881004364D+00  C(77) = 0.000000000D+00
  C(18) = 1.719853451D-01  C(48) = 1.296310270D+00  C(78) = 2.490897968D+00
  C(19) = 2.202900469D+00  C(49) = 1.259454477D-01  C(79) = 4.591217318D+01
  C(20) = 1.000000000D+06  C(50) = 1.709033923D-01  C(80) = 5.000000000D+00
  C(21) = 4.000000000D+11  C(51) = 5.615288027D-02  C(81) = 5.000000000D-01
  C(22) = 0.000000000D+00  C(52) = 7.901411274D-01  C(82) = 1.000000000D+00
  C(23) = 1.760000000D+00  C(53) =-1.000000000D+12  C(83) = 1.700000000D+00
  C(24) = 2.000000000D+00  C(54) = 9.000000000D-01  C(84) = 1.000000000D+00
  C(25) =-1.378640041D-01  C(55) = 0.000000000D+00  C(85) = 1.723300051D-01
  C(26) = 9.999980000D+00  C(56) = 0.000000000D+00  C(86) = 2.000000000D+00
  C(27) = 3.007071951D+22  C(57) = 3.000000000D-01  C(87) = 1.000000000D+00
  C(28) = 2.000000000D+00  C(58) = 1.000000000D-01  C(88) = 1.290000000D+00
  C(29) = 2.002995970D+01  C(59) = 2.000000000D-01  C(89) = 1.000000000D-30
  C(30) = 4.000000000D+00  C(60) = 0.000000000D+00  C(90) = 1.000000000D+05

  LOCKP( 1)=   1    LOCKPL( 1)=  99  (two-phase array storage data)


 BOUNDS OF LIQUID/SOLID PHASE TRANSITION
   ENTHALPY OF FUSION (ERG/GM)................... 6.60000D+09
   LOWER LIMIT OF METASTABLE LIQUID ACK(49)...... 1.46168D+03
   MELT TEMPERATURE (TRIPLE POINT) ACK(18)....... 1.99600D+03
   INTERMEDIATE TEMPERATURE ACK(52).............. 9.17009D+03
   MAXIMUM TEMPERATURE ACK(48)................... 1.50445D+04
   SLOPE OF LEFT  BOUNDARY, dT/dRHO ACK(50)...... 1.98344D+00
   SLOPE OF RIGHT BOUNDARY, dT/dRHO ACK(51)...... 6.51690D-01
   MINIMUM DENSITY ACK(23), GM/CC................ 1.76000D+03
   SOLID/MELT DENSITY AT Tm ACK(46), GM/CC....... 0.00000D+00
   LIQUID/VAPOR DENSITY AT Tm ACK(47), GM/CC..... 1.88100D+03



Constructing melt curve table for use with solid-solid transition




 SUMMARY OF LIQUID/SOLID PHASE CURVE TABLE

       T         RLIQ       RSOLID      #ITER
       K        kg/m**3     kg/m**3  

  1.4617D+03  1.5222D+03  1.7588D+03        14
  1.5156D+03  1.5612D+03  1.7825D+03        12
  1.5696D+03  1.5988D+03  1.8072D+03        11
  1.6236D+03  1.6355D+03  1.8326D+03        10
  1.6776D+03  1.6715D+03  1.8587D+03         9
  1.7315D+03  1.7072D+03  1.8854D+03         8
  1.7855D+03  1.7427D+03  1.9126D+03         7
  1.8395D+03  1.7781D+03  1.9402D+03         6
  1.8935D+03  1.8135D+03  1.9682D+03         5
  1.9474D+03  1.8490D+03  1.9967D+03         4
  1.9960D+03  1.8810D+03  2.0226D+03         1
  2.0413D+03  1.9110D+03  2.0471D+03         3
  2.0876D+03  1.9418D+03  2.0725D+03         4
  2.1350D+03  1.9734D+03  2.0989D+03         4
  2.1835D+03  2.0058D+03  2.1263D+03         4
  2.2330D+03  2.0389D+03  2.1548D+03         4
  2.2837D+03  2.0728D+03  2.1843D+03         4
  2.3355D+03  2.1077D+03  2.2152D+03         5
  2.3886D+03  2.1428D+03  2.2508D+03         5
  2.4428D+03  2.1767D+03  2.2912D+03         5
  2.4982D+03  2.2079D+03  2.3357D+03         5
  2.5549D+03  2.2380D+03  2.3835D+03         5
  2.6129D+03  2.2681D+03  2.4353D+03         5
  2.6722D+03  2.2981D+03  2.4921D+03         5
  2.7329D+03  2.3277D+03  2.5555D+03         6
  2.7949D+03  2.3566D+03  2.6280D+03         6
  2.8583D+03  2.3846D+03  2.7129D+03         7
  2.9232D+03  2.4115D+03  2.8128D+03         8
  2.9895D+03  2.4373D+03  2.9203D+03         9
  3.0574D+03  2.4636D+03  2.9896D+03        10
  3.1268D+03  2.4916D+03  3.0508D+03        10
  3.1978D+03  2.5223D+03  3.1066D+03        10
  3.2703D+03  2.5563D+03  3.1587D+03        10
  3.3446D+03  2.5950D+03  3.2085D+03        10
  3.4205D+03  2.6398D+03  3.2570D+03        11
  3.4981D+03  2.6929D+03  3.3055D+03        11
  3.5775D+03  2.7570D+03  3.3551D+03        11
  3.6587D+03  2.8349D+03  3.4076D+03        11
  3.7417D+03  2.9257D+03  3.4649D+03        11
  3.8267D+03  3.0074D+03  3.5271D+03        11
  3.9135D+03  3.0909D+03  3.5933D+03        11
  4.0023D+03  3.1767D+03  3.6635D+03        11
  4.0932D+03  3.2651D+03  3.7379D+03        11
  4.1861D+03  3.3563D+03  3.8166D+03        12
  4.2811D+03  3.4507D+03  3.8998D+03        12
  4.3783D+03  3.5485D+03  3.9876D+03        12
  4.4776D+03  3.6501D+03  4.0803D+03        13
  4.5793D+03  3.7557D+03  4.1782D+03        13
  4.6832D+03  3.8658D+03  4.2813D+03        13
  4.7895D+03  3.9908D+03  4.3061D+03        13
  4.8982D+03  4.2037D+03  4.3197D+03        15
  5.0094D+03  4.4053D+03  4.4321D+03        16
  5.1231D+03  4.5349D+03  4.5623D+03        17
  5.2393D+03  4.6713D+03  4.6992D+03        17
  5.3582D+03  4.8150D+03  4.8432D+03        18
  5.4799D+03  4.9666D+03  4.9951D+03        18
  5.6042D+03  5.1265D+03  5.1552D+03        19
  5.7314D+03  5.2955D+03  5.3243D+03        20
  5.8615D+03  5.4742D+03  5.5030D+03        21
  5.9946D+03  5.6634D+03  5.6921D+03        22
  6.1306D+03  5.8639D+03  5.8924D+03        22
  6.2698D+03  6.0767D+03  6.1049D+03        23
  6.4121D+03  6.3027D+03  6.3306D+03        24
  6.5576D+03  6.5431D+03  6.5705D+03        25
  6.7064D+03  6.7991D+03  6.8260D+03        26
  6.8586D+03  7.0721D+03  7.0985D+03        27
  7.0143D+03  7.3637D+03  7.3895D+03        29
  7.1735D+03  7.6756D+03  7.7008D+03        30
  7.3363D+03  8.0096D+03  8.0342D+03        31
  7.5028D+03  8.3681D+03  8.3921D+03        32
  7.6731D+03  8.7535D+03  8.7768D+03        34
  7.8473D+03  9.1685D+03  9.1911D+03        35
  8.0254D+03  9.6163D+03  9.6382D+03        37
  8.2075D+03  1.0100D+04  1.0122D+04        38
  8.3938D+03  1.0625D+04  1.0646D+04        40
  8.5843D+03  1.1195D+04  1.1215D+04        41
  8.7792D+03  1.1816D+04  1.1835D+04        43
  8.9784D+03  1.2493D+04  1.2512D+04        45
  9.1822D+03  1.3235D+04  1.3253D+04        47
  9.3906D+03  1.4049D+04  1.4067D+04        49
  9.6037D+03  1.4946D+04  1.4963D+04        51
  9.8217D+03  1.5938D+04  1.5954D+04        53
  1.0045D+04  1.7038D+04  1.7054D+04        56
  1.0273D+04  1.8263D+04  1.8279D+04        58
  1.0506D+04  1.9634D+04  1.9650D+04        61
  1.0744D+04  2.1176D+04  2.1191D+04        64
  1.0988D+04  2.2918D+04  2.2932D+04        68
  1.1237D+04  2.4898D+04  2.4912D+04        70
  1.1493D+04  2.7164D+04  2.7177D+04        74
  1.1753D+04  2.9774D+04  2.9787D+04        77
  1.2020D+04  3.2806D+04  3.2818D+04        81
  1.2293D+04  3.6360D+04  3.6372D+04        86
  1.2572D+04  4.0570D+04  4.0581D+04        90
  1.2857D+04  4.5618D+04  4.5629D+04        95
  1.3149D+04  5.1759D+04  5.1770D+04       100
  1.3448D+04  5.9361D+04  5.9372D+04       106
  1.3753D+04  6.8974D+04  6.8984D+04       113
  1.4065D+04  8.1461D+04  8.1471D+04       120
  1.4384D+04  9.8272D+04  9.8281D+04       129
  1.4711D+04  1.2206D+05  1.2207D+05       138
  1.5045D+04  1.5838D+05  1.5839D+05       151
 Number of points in melt table:         1000

 Overwriting melt curve table across melt-transition between solid/liquid densities from:    2.9099578049773638        2.4347689031975142      to:    4.3325484666971787        4.3061763829262087     


 LIQUID/SOLID PHASE CURVE

       T         RLIQ       RSOLID      PLIQ       PSOLID      ELIQ        ESOLID       SLIQ       SOLID        GLIQ       GSOLID        #ITER
       K        kg/m**3     kg/m**3      GPa         GPa       J/kg         J/kg        J/kg-K     J/kg-K       J/kg        J/kg

  1.4617D+03  1.5222D+03  1.7588D+03 -3.5879D+00 -3.5879D+00  2.8790D+06  1.9384D+06  2.5715D+03  2.1449D+03 -3.2365D+06 -3.2365D+06         2
  1.5156D+03  1.5612D+03  1.7825D+03 -3.3177D+00 -3.3177D+00  2.8627D+06  1.9739D+06  2.5987D+03  2.1863D+03 -3.2008D+06 -3.2008D+06         2
  1.5696D+03  1.5988D+03  1.8072D+03 -3.0282D+00 -3.0282D+00  2.8562D+06  2.0102D+06  2.6254D+03  2.2256D+03 -3.1586D+06 -3.1586D+06         2
  1.6236D+03  1.6355D+03  1.8326D+03 -2.7193D+00 -2.7193D+00  2.8576D+06  2.0479D+06  2.6516D+03  2.2631D+03 -3.1100D+06 -3.1100D+06         2
  1.6776D+03  1.6715D+03  1.8587D+03 -2.3904D+00 -2.3904D+00  2.8660D+06  2.0874D+06  2.6772D+03  2.2988D+03 -3.0549D+06 -3.0549D+06         2
  1.7315D+03  1.7072D+03  1.8854D+03 -2.0412D+00 -2.0412D+00  2.8806D+06  2.1289D+06  2.7020D+03  2.3331D+03 -2.9934D+06 -2.9934D+06         2
  1.7855D+03  1.7427D+03  1.9126D+03 -1.6707D+00 -1.6707D+00  2.9008D+06  2.1727D+06  2.7261D+03  2.3660D+03 -2.9251D+06 -2.9251D+06         2
  1.8395D+03  1.7781D+03  1.9402D+03 -1.2779D+00 -1.2779D+00  2.9264D+06  2.2189D+06  2.7495D+03  2.3975D+03 -2.8497D+06 -2.8497D+06         2
  1.8935D+03  1.8135D+03  1.9682D+03 -8.6161D-01 -8.6161D-01  2.9570D+06  2.2678D+06  2.7722D+03  2.4280D+03 -2.7669D+06 -2.7669D+06         2
  1.9474D+03  1.8490D+03  1.9967D+03 -4.2022D-01 -4.2022D-01  2.9924D+06  2.3195D+06  2.7942D+03  2.4573D+03 -2.6761D+06 -2.6761D+06         2
  1.9960D+03  1.8810D+03  2.0226D+03  2.5322D-10  2.5322D-10  3.0284D+06  2.3684D+06  2.8135D+03  2.4828D+03 -2.5870D+06 -2.5870D+06         2
  2.0413D+03  1.9110D+03  2.0471D+03  4.1285D-01  4.1285D-01  3.0655D+06  2.4162D+06  2.8310D+03  2.5059D+03 -2.4971D+06 -2.4971D+06         2
  2.0876D+03  1.9418D+03  2.0725D+03  8.5723D-01  8.5723D-01  3.1068D+06  2.4674D+06  2.8485D+03  2.5288D+03 -2.3980D+06 -2.3980D+06         2
  2.1350D+03  1.9734D+03  2.0989D+03  1.3361D+00  1.3361D+00  3.1528D+06  2.5221D+06  2.8660D+03  2.5516D+03 -2.2888D+06 -2.2888D+06         2
  2.1835D+03  2.0058D+03  2.1263D+03  1.8526D+00  1.8526D+00  3.2037D+06  2.5807D+06  2.8835D+03  2.5742D+03 -2.1685D+06 -2.1685D+06         2
  2.2330D+03  2.0389D+03  2.1548D+03  2.4096D+00  2.4096D+00  3.2598D+06  2.6435D+06  2.9012D+03  2.5967D+03 -2.0364D+06 -2.0364D+06         2
  2.2837D+03  2.0728D+03  2.1843D+03  3.0106D+00  3.0106D+00  3.3214D+06  2.7110D+06  2.9188D+03  2.6190D+03 -1.8916D+06 -1.8916D+06         2
  2.3355D+03  2.1077D+03  2.2152D+03  3.6589D+00  3.6589D+00  3.3890D+06  2.7834D+06  2.9366D+03  2.6412D+03 -1.7332D+06 -1.7332D+06         2
  2.3886D+03  2.1428D+03  2.2508D+03  4.3477D+00  4.3477D+00  3.4628D+06  2.8610D+06  2.9547D+03  2.6620D+03 -1.5652D+06 -1.5652D+06         2
  2.4428D+03  2.1767D+03  2.2912D+03  5.0497D+00  5.0497D+00  3.5426D+06  2.9447D+06  2.9736D+03  2.6813D+03 -1.4008D+06 -1.4008D+06         2
  2.4982D+03  2.2079D+03  2.3357D+03  5.7329D+00  5.7329D+00  3.6277D+06  3.0352D+06  2.9939D+03  2.6998D+03 -1.2546D+06 -1.2546D+06         2
  2.5549D+03  2.2380D+03  2.3835D+03  6.3779D+00  6.3779D+00  3.7177D+06  3.1322D+06  3.0149D+03  2.7176D+03 -1.1348D+06 -1.1348D+06         2
  2.6129D+03  2.2681D+03  2.4353D+03  6.9824D+00  6.9824D+00  3.8124D+06  3.2356D+06  3.0362D+03  2.7345D+03 -1.0419D+06 -1.0419D+06         2
  2.6722D+03  2.2981D+03  2.4921D+03  7.5466D+00  7.5466D+00  3.9112D+06  3.3456D+06  3.0578D+03  2.7504D+03 -9.7547D+05 -9.7547D+05         2
  2.7329D+03  2.3277D+03  2.5555D+03  8.0708D+00  8.0708D+00  4.0138D+06  3.4620D+06  3.0798D+03  2.7647D+03 -9.3489D+05 -9.3489D+05         2
  2.7949D+03  2.3566D+03  2.6280D+03  8.5559D+00  8.5559D+00  4.1196D+06  3.5851D+06  3.1022D+03  2.7768D+03 -9.1949D+05 -9.1949D+05         2
  2.8583D+03  2.3846D+03  2.7129D+03  9.0031D+00  9.0031D+00  4.2281D+06  3.7150D+06  3.1251D+03  2.7857D+03 -9.2833D+05 -9.2833D+05         2
  2.9232D+03  2.4115D+03  2.8128D+03  9.4153D+00  9.4153D+00  4.3388D+06  3.8506D+06  3.1485D+03  2.7909D+03 -9.5991D+05 -9.5991D+05         2
  2.9895D+03  2.4412D+03  2.9149D+03  9.8379D+00  9.7879D+00  4.4546D+06  3.9854D+06  3.1712D+03  2.7961D+03 -9.9539D+05 -1.0151D+06         2
  3.0574D+03  2.5068D+03  2.9647D+03  1.0544D+01  1.0095D+01  4.6015D+06  4.1039D+06  3.1837D+03  2.8163D+03 -9.2530D+05 -1.1011D+06         2
  3.1268D+03  2.5738D+03  3.0157D+03  1.1164D+01  1.0429D+01  4.7533D+06  4.2242D+06  3.1963D+03  2.8363D+03 -9.0266D+05 -1.1856D+06         2
  3.1978D+03  2.6424D+03  3.0678D+03  1.1713D+01  1.0786D+01  4.9088D+06  4.3466D+06  3.2090D+03  2.8561D+03 -9.1939D+05 -1.2700D+06         2
  3.2703D+03  2.7125D+03  3.1211D+03  1.2208D+01  1.1169D+01  5.0668D+06  4.4709D+06  3.2217D+03  2.8757D+03 -9.6763D+05 -1.3542D+06         2
  3.3446D+03  2.7842D+03  3.1756D+03  1.2669D+01  1.1580D+01  5.2267D+06  4.5973D+06  3.2343D+03  2.8950D+03 -1.0397D+06 -1.4381D+06         2
  3.4205D+03  2.8575D+03  3.2313D+03  1.3114D+01  1.2018D+01  5.3877D+06  4.7257D+06  3.2468D+03  2.9140D+03 -1.1279D+06 -1.5215D+06         2
  3.4981D+03  2.9325D+03  3.2883D+03  1.3574D+01  1.2488D+01  5.5496D+06  4.8563D+06  3.2591D+03  2.9328D+03 -1.2214D+06 -1.6046D+06         2
  3.5775D+03  3.0092D+03  3.3466D+03  1.4121D+01  1.2989D+01  5.7126D+06  4.9891D+06  3.2711D+03  2.9512D+03 -1.2966D+06 -1.6870D+06         2
  3.6587D+03  3.0876D+03  3.4062D+03  1.4714D+01  1.3524D+01  5.8769D+06  5.1241D+06  3.2829D+03  2.9694D+03 -1.3680D+06 -1.7689D+06         2
  3.7417D+03  3.1678D+03  3.4672D+03  1.5357D+01  1.4095D+01  6.0426D+06  5.2614D+06  3.2944D+03  2.9872D+03 -1.4356D+06 -1.8500D+06         2
  3.8267D+03  3.2499D+03  3.5296D+03  1.6051D+01  1.4705D+01  6.2097D+06  5.4011D+06  3.3055D+03  3.0047D+03 -1.4995D+06 -1.9302D+06         2
  3.9135D+03  3.3337D+03  3.5933D+03  1.6800D+01  1.5354D+01  6.3783D+06  5.5431D+06  3.3162D+03  3.0219D+03 -1.5597D+06 -2.0096D+06         2
  4.0023D+03  3.4195D+03  3.6586D+03  1.7605D+01  1.6046D+01  6.5485D+06  5.6876D+06  3.3265D+03  3.0387D+03 -1.6161D+06 -2.0879D+06         2
  4.0932D+03  3.5073D+03  3.7253D+03  1.8471D+01  1.6783D+01  6.7203D+06  5.8345D+06  3.3364D+03  3.0552D+03 -1.6687D+06 -2.1650D+06         2
  4.1861D+03  3.5970D+03  3.7935D+03  1.9401D+01  1.7568D+01  6.8938D+06  5.9840D+06  3.3457D+03  3.0713D+03 -1.7174D+06 -2.2410D+06         2
  4.2811D+03  3.6888D+03  3.8632D+03  2.0397D+01  1.8402D+01  7.0690D+06  6.1361D+06  3.3546D+03  3.0870D+03 -1.7623D+06 -2.3155D+06         2
  4.3783D+03  3.7827D+03  3.9346D+03  2.1463D+01  1.9289D+01  7.2461D+06  6.2909D+06  3.3630D+03  3.1024D+03 -1.8032D+06 -2.3887D+06         2
  4.4776D+03  3.8787D+03  4.0076D+03  2.2603D+01  2.0232D+01  7.4251D+06  6.4485D+06  3.3709D+03  3.1173D+03 -1.8402D+06 -2.4602D+06         2
  4.5793D+03  3.9768D+03  4.0822D+03  2.3820D+01  2.1234D+01  7.6060D+06  6.6088D+06  3.3783D+03  3.1318D+03 -1.8732D+06 -2.5301D+06         2
  4.6832D+03  4.0772D+03  4.1585D+03  2.5119D+01  2.2298D+01  7.7890D+06  6.7720D+06  3.3851D+03  3.1459D+03 -1.9021D+06 -2.5982D+06         2
  4.7895D+03  4.1799D+03  4.2365D+03  2.6504D+01  2.3427D+01  7.9741D+06  6.9381D+06  3.3913D+03  3.1596D+03 -1.9269D+06 -2.6643D+06         2
  4.8982D+03  4.2849D+03  4.3164D+03  2.7978D+01  2.6742D+01  8.1613D+06  7.1081D+06  3.3970D+03  3.1729D+03 -1.9474D+06 -2.2369D+06         2
  5.0094D+03  4.4053D+03  4.4321D+03  4.3300D+01  4.3300D+01  8.3918D+06  7.3380D+06  3.3989D+03  3.1766D+03  1.1958D+06  1.1958D+06         2
  5.1231D+03  4.5349D+03  4.5623D+03  6.2004D+01  6.2004D+01  8.7306D+06  7.6762D+06  3.3984D+03  3.1766D+03  4.9939D+06  4.9939D+06         2
  5.2393D+03  4.6713D+03  4.6992D+03  8.1884D+01  8.1884D+01  9.1824D+06  8.1262D+06  3.3964D+03  3.1749D+03  8.9179D+06  8.9179D+06         2
  5.3582D+03  4.8150D+03  4.8432D+03  1.0311D+02  1.0311D+02  9.7523D+06  8.6927D+06  3.3925D+03  3.1715D+03  1.2990D+07  1.2990D+07         2
  5.4799D+03  4.9666D+03  4.9951D+03  1.2588D+02  1.2588D+02  1.0446D+07  9.3816D+06  3.3869D+03  3.1662D+03  1.7234D+07  1.7234D+07         2
  5.6042D+03  5.1265D+03  5.1552D+03  1.5043D+02  1.5043D+02  1.1271D+07  1.0199D+07  3.3792D+03  3.1589D+03  2.1677D+07  2.1677D+07         2
  5.7314D+03  5.2955D+03  5.3243D+03  1.7702D+02  1.7702D+02  1.2234D+07  1.1154D+07  3.3696D+03  3.1496D+03  2.6351D+07  2.6351D+07         2
  5.8615D+03  5.4742D+03  5.5030D+03  2.0597D+02  2.0597D+02  1.3344D+07  1.2253D+07  3.3577D+03  3.1380D+03  3.1290D+07  3.1290D+07         2
  5.9946D+03  5.6634D+03  5.6921D+03  2.3765D+02  2.3765D+02  1.4612D+07  1.3509D+07  3.3435D+03  3.1241D+03  3.6533D+07  3.6533D+07         2
  6.1306D+03  5.8639D+03  5.8924D+03  2.7248D+02  2.7248D+02  1.6050D+07  1.4931D+07  3.3269D+03  3.1078D+03  4.2121D+07  4.2121D+07         2
  6.2698D+03  6.0767D+03  6.1049D+03  3.1096D+02  3.1096D+02  1.7670D+07  1.6535D+07  3.3077D+03  3.0889D+03  4.8105D+07  4.8105D+07         2
  6.4121D+03  6.3027D+03  6.3306D+03  3.5368D+02  3.5368D+02  1.9490D+07  1.8335D+07  3.2858D+03  3.0672D+03  5.4538D+07  5.4538D+07         2
  6.5576D+03  6.5431D+03  6.5705D+03  4.0133D+02  4.0133D+02  2.1528D+07  2.0351D+07  3.2611D+03  3.0426D+03  6.1481D+07  6.1481D+07         2
  6.7064D+03  6.7991D+03  6.8260D+03  4.5474D+02  4.5474D+02  2.3804D+07  2.2604D+07  3.2333D+03  3.0150D+03  6.9003D+07  6.9003D+07         2
  6.8586D+03  7.0721D+03  7.0985D+03  5.1486D+02  5.1486D+02  2.6343D+07  2.5117D+07  3.2024D+03  2.9842D+03  7.7181D+07  7.7181D+07         2
  7.0143D+03  7.3637D+03  7.3895D+03  5.8284D+02  5.8284D+02  2.9174D+07  2.7920D+07  3.1681D+03  2.9500D+03  8.6103D+07  8.6103D+07         2
  7.1735D+03  7.6756D+03  7.7008D+03  6.6003D+02  6.6003D+02  3.2330D+07  3.1046D+07  3.1303D+03  2.9122D+03  9.5867D+07  9.5867D+07         2
  7.3363D+03  8.0096D+03  8.0342D+03  7.4806D+02  7.4806D+02  3.5849D+07  3.4534D+07  3.0888D+03  2.8706D+03  1.0658D+08  1.0658D+08         2
  7.5028D+03  8.3681D+03  8.3921D+03  8.4885D+02  8.4885D+02  3.9776D+07  3.8427D+07  3.0434D+03  2.8250D+03  1.1838D+08  1.1838D+08         2
  7.6731D+03  8.7535D+03  8.7768D+03  9.6473D+02  9.6473D+02  4.4163D+07  4.2778D+07  2.9939D+03  2.7753D+03  1.3140D+08  1.3140D+08         2
  7.8473D+03  9.1685D+03  9.1911D+03  1.0985D+03  1.0985D+03  4.9071D+07  4.7647D+07  2.9400D+03  2.7211D+03  1.4581D+08  1.4581D+08         2
  8.0254D+03  9.6163D+03  9.6382D+03  1.2535D+03  1.2535D+03  5.4569D+07  5.3106D+07  2.8816D+03  2.6623D+03  1.6180D+08  1.6180D+08         2
  8.2075D+03  1.0100D+04  1.0122D+04  1.4338D+03  1.4338D+03  6.0742D+07  5.9236D+07  2.8183D+03  2.5985D+03  1.7957D+08  1.7957D+08         2
  8.3938D+03  1.0625D+04  1.0646D+04  1.6444D+03  1.6444D+03  6.7685D+07  6.6135D+07  2.7501D+03  2.5296D+03  1.9937D+08  1.9937D+08         2
  8.5843D+03  1.1195D+04  1.1215D+04  1.8914D+03  1.8914D+03  7.5514D+07  7.3917D+07  2.6765D+03  2.4553D+03  2.2149D+08  2.2149D+08         2
  8.7792D+03  1.1816D+04  1.1835D+04  2.1823D+03  2.1823D+03  8.4361D+07  8.2715D+07  2.5973D+03  2.3753D+03  2.4625D+08  2.4625D+08         2
  8.9784D+03  1.2493D+04  1.2512D+04  2.5262D+03  2.5262D+03  9.4385D+07  9.2687D+07  2.5122D+03  2.2893D+03  2.7404D+08  2.7404D+08         2
  9.1822D+03  1.3235D+04  1.3253D+04  2.9346D+03  2.9346D+03  1.0578D+08  1.0402D+08  2.4211D+03  2.1971D+03  3.0528D+08  3.0528D+08         2
  9.3906D+03  1.4049D+04  1.4067D+04  3.4219D+03  3.4219D+03  1.1875D+08  1.1694D+08  2.3235D+03  2.0983D+03  3.4051D+08  3.4051D+08         2
  9.6037D+03  1.4946D+04  1.4963D+04  4.0061D+03  4.0061D+03  1.3359D+08  1.3172D+08  2.2194D+03  1.9927D+03  3.8032D+08  3.8032D+08         2
  9.8217D+03  1.5938D+04  1.5954D+04  4.7100D+03  4.7100D+03  1.5060D+08  1.4867D+08  2.1084D+03  1.8801D+03  4.2542D+08  4.2542D+08         2
  1.0045D+04  1.7038D+04  1.7054D+04  5.5628D+03  5.5628D+03  1.7018D+08  1.6817D+08  1.9904D+03  1.7603D+03  4.7668D+08  4.7668D+08         2
  1.0273D+04  1.8263D+04  1.8279D+04  6.6020D+03  6.6020D+03  1.9278D+08  1.9071D+08  1.8653D+03  1.6332D+03  5.3511D+08  5.3511D+08         2
  1.0506D+04  1.9634D+04  1.9650D+04  7.8763D+03  7.8763D+03  2.1900D+08  2.1684D+08  1.7332D+03  1.4988D+03  6.0194D+08  6.0194D+08         2
  1.0744D+04  2.1176D+04  2.1191D+04  9.4499D+03  9.4499D+03  2.4952D+08  2.4729D+08  1.5943D+03  1.3575D+03  6.7865D+08  6.7865D+08         2
  1.0988D+04  2.2918D+04  2.2932D+04  1.1408D+04  1.1408D+04  2.8524D+08  2.8291D+08  1.4494D+03  1.2098D+03  7.6707D+08  7.6707D+08         2
  1.1237D+04  2.4898D+04  2.4912D+04  1.3864D+04  1.3864D+04  3.2724D+08  3.2482D+08  1.2994D+03  1.0568D+03  8.6947D+08  8.6947D+08         2
  1.1493D+04  2.7164D+04  2.7177D+04  1.6976D+04  1.6976D+04  3.7690D+08  3.7438D+08  1.1462D+03  9.0012D+02  9.8867D+08  9.8867D+08         2
  1.1753D+04  2.9774D+04  2.9787D+04  2.0958D+04  2.0958D+04  4.3602D+08  4.3339D+08  9.9244D+02  7.4248D+02  1.1283D+09  1.1283D+09         2
  1.2020D+04  3.2806D+04  3.2818D+04  2.6116D+04  2.6116D+04  5.0689D+08  5.0413D+08  8.4202D+02  5.8775D+02  1.2928D+09  1.2928D+09         2
  1.2293D+04  3.6360D+04  3.6372D+04  3.2888D+04  3.2888D+04  5.9252D+08  5.8964D+08  7.0030D+02  4.4116D+02  1.4884D+09  1.4884D+09         2
  1.2572D+04  4.0570D+04  4.0581D+04  4.1919D+04  4.1919D+04  6.9697D+08  6.9395D+08  5.7385D+02  3.0921D+02  1.7230D+09  1.7230D+09         2
  1.2857D+04  4.5618D+04  4.5629D+04  5.4179D+04  5.4179D+04  8.2571D+08  8.2252D+08  4.6961D+02  1.9869D+02  2.0073D+09  2.0073D+09         2
  1.3149D+04  5.1759D+04  5.1770D+04  7.1170D+04  7.1170D+04  9.8632D+08  9.8295D+08  3.9296D+02  1.1482D+02  2.3562D+09  2.3562D+09         2
  1.3448D+04  5.9361D+04  5.9372D+04  9.5305D+04  9.5305D+04  1.1896D+09  1.1860D+09  3.4525D+02  5.8734D+01  2.7904D+09  2.7904D+09         2
  1.3753D+04  6.8974D+04  6.8984D+04  1.3062D+05  1.3062D+05  1.4514D+09  1.4476D+09  3.2268D+02  2.6351D+01  3.3407D+09  3.3407D+09         2
  1.4065D+04  8.1461D+04  8.1471D+04  1.8428D+05  1.8428D+05  1.7963D+09  1.7923D+09  3.1826D+02  1.0260D+01  4.0541D+09  4.0541D+09         2
  1.4384D+04  9.8272D+04  9.8281D+04  2.6997D+05  2.6997D+05  2.2651D+09  2.2607D+09  3.2559D+02  3.3968D+00  5.0076D+09  5.0076D+09         2
  1.4711D+04  1.2206D+05  1.2207D+05  4.1658D+05  4.1658D+05  2.9308D+09  2.9261D+09  3.4102D+02  1.0231D+00  6.3387D+09  6.3387D+09         2


   ZERO-TEMPERATURE ISOTHERM

        RHO          P         DPDR          E          ETA          GIBBS
      kg/m**3       GPa	    (m/sec)**2     J/kg                     J/kg

    2.2000D+03 -5.2966D-02  1.8214D+07  1.5869D+01  9.9868D-01 -2.4059D+04
    2.2840D+03  1.3065D+00  1.4028D+07  1.0869D+04  1.0368D+00  5.8291D+05
    2.3680D+03  2.3232D+00  1.0290D+07  3.9367D+04  1.0749D+00  1.0204D+06
    2.4520D+03  3.0531D+00  7.1901D+06  7.8509D+04  1.1131D+00  1.3237D+06
    2.5360D+03  3.5473D+00  4.6689D+06  1.2329D+05  1.1512D+00  1.5221D+06
    2.6200D+03  3.8522D+00  2.6737D+06  1.7022D+05  1.1893D+00  1.6405D+06
    2.7040D+03  4.0099D+00  1.1578D+06  2.1695D+05  1.2275D+00  1.6999D+06
    2.7880D+03  4.0590D+00  8.0303D+04  2.6198D+05  1.2656D+00  1.7179D+06
    2.8720D+03  4.0346D+00 -5.9541D+05  3.0449D+05  1.3037D+00  1.7093D+06
    2.9560D+03  4.0004D+00 -4.5293D-04  3.4417D+05  1.3419D+00  1.6975D+06
    3.0400D+03  4.0004D+00 -4.8879D-04  3.8156D+05  1.3800D+00  1.6975D+06
    3.1240D+03  4.0004D+00 -5.1932D-04  4.1695D+05  1.4181D+00  1.6975D+06
    3.2080D+03  4.0004D+00 -5.4512D-04  4.5048D+05  1.4563D+00  1.6975D+06
    3.2920D+03  4.0004D+00 -5.6670D-04  4.8230D+05  1.4944D+00  1.6975D+06
    3.3760D+03  4.0004D+00 -5.8454D-04  5.1253D+05  1.5325D+00  1.6975D+06
    3.4600D+03  4.0004D+00 -5.9903D-04  5.4130D+05  1.5707D+00  1.6975D+06
    3.5440D+03  4.0004D+00 -6.1054D-04  5.6870D+05  1.6088D+00  1.6975D+06
    3.6280D+03  4.0004D+00 -6.1938D-04  5.9484D+05  1.6469D+00  1.6975D+06
    3.7120D+03  4.0004D+00 -6.2584D-04  6.1979D+05  1.6851D+00  1.6975D+06
    3.7960D+03  4.0004D+00 -6.3018D-04  6.4364D+05  1.7232D+00  1.6975D+06
    3.8800D+03  4.0004D+00 -6.3261D-04  6.6645D+05  1.7613D+00  1.6975D+06
    3.9640D+03  4.0004D+00 -6.3335D-04  6.8830D+05  1.7994D+00  1.6975D+06
    4.0480D+03  4.0004D+00 -6.3259D-04  7.0924D+05  1.8376D+00  1.6975D+06
    4.1320D+03  4.0004D+00 -6.3049D-04  7.2933D+05  1.8757D+00  1.6975D+06
    4.2160D+03  4.0004D+00 -6.2720D-04  7.4862D+05  1.9138D+00  1.6975D+06
    4.3000D+03  4.0004D+00  1.2937D+08  7.6716D+05  1.9520D+00  1.6975D+06
    4.3840D+03  1.4871D+01  1.2949D+08  8.0904D+05  1.9901D+00  4.2011D+06
    4.4680D+03  2.5760D+01  1.2981D+08  8.9600D+05  2.0282D+00  6.6615D+06
    4.5520D+03  3.6685D+01  1.3034D+08  1.0248D+06  2.0664D+00  9.0840D+06
    4.6360D+03  4.7663D+01  1.3107D+08  1.1925D+06  2.1045D+00  1.1474D+07
    4.7200D+03  5.8710D+01  1.3198D+08  1.3965D+06  2.1426D+00  1.3835D+07
    4.8040D+03  6.9840D+01  1.3306D+08  1.6345D+06  2.1808D+00  1.6172D+07
    4.8880D+03  8.1068D+01  1.3430D+08  1.9043D+06  2.2189D+00  1.8489D+07
    4.9720D+03  9.2408D+01  1.3571D+08  2.2039D+06  2.2570D+00  2.0790D+07
    5.0560D+03  1.0387D+02  1.3726D+08  2.5317D+06  2.2952D+00  2.3076D+07
    5.1400D+03  1.1547D+02  1.3896D+08  2.8861D+06  2.3333D+00  2.5351D+07
    5.2240D+03  1.2722D+02  1.4079D+08  3.2655D+06  2.3714D+00  2.7619D+07
    5.3080D+03  1.3913D+02  1.4276D+08  3.6688D+06  2.4096D+00  2.9880D+07
    5.3920D+03  1.5121D+02  1.4484D+08  4.0948D+06  2.4477D+00  3.2138D+07
    5.4760D+03  1.6347D+02  1.4705D+08  4.5422D+06  2.4858D+00  3.4394D+07
    5.5600D+03  1.7591D+02  1.4936D+08  5.0103D+06  2.5239D+00  3.6650D+07
    5.6440D+03  1.8856D+02  1.5179D+08  5.4979D+06  2.5621D+00  3.8907D+07
    5.7280D+03  2.0142D+02  1.5432D+08  6.0045D+06  2.6002D+00  4.1168D+07
    5.8120D+03  2.1449D+02  1.5695D+08  6.5290D+06  2.6383D+00  4.3434D+07
    5.8960D+03  2.2779D+02  1.5967D+08  7.0710D+06  2.6765D+00  4.5705D+07
    5.9800D+03  2.4132D+02  1.6249D+08  7.6297D+06  2.7146D+00  4.7984D+07
    6.0640D+03  2.5509D+02  1.6539D+08  8.2045D+06  2.7527D+00  5.0271D+07
    6.1480D+03  2.6911D+02  1.6837D+08  8.7949D+06  2.7909D+00  5.2566D+07
    6.2320D+03  2.8338D+02  1.7144D+08  9.4004D+06  2.8290D+00  5.4872D+07
    6.3160D+03  2.9791D+02  1.7458D+08  1.0021D+07  2.8671D+00  5.7188D+07


   ZERO-TEMPERATURE ISOTHERM

        RHO          P         DPDR          E          ETA       GAMMA      T(PSI=1)     THETA       GIBBS
      kg/m**3       GPa	    (m/sec)**2     J/kg                                K           K          J/kg

    2.2000D+04  1.0035D+04  1.1150D+09  2.5538D+08  1.0000D+01  1.6770D+00  2.1912D+08 -1.9652D+04  7.1150D+08
    2.0064D+04  7.9970D+03  9.9026D+08  2.1607D+08  9.1201D+00  1.6480D+00  1.6634D+08 -1.6862D+04  6.1464D+08
    1.8299D+04  6.3492D+03  8.7650D+08  1.8178D+08  8.3176D+00  1.6165D+00  1.2698D+08 -1.4508D+04  5.2875D+08
    1.6689D+04  5.0213D+03  7.7303D+08  1.5199D+08  7.5858D+00  1.5826D+00  9.7518D+07 -1.2520D+04  4.5287D+08
    1.5220D+04  3.9551D+03  6.7923D+08  1.2620D+08  6.9183D+00  1.5460D+00  7.5380D+07 -1.0840D+04  3.8606D+08
    1.3881D+04  3.1023D+03  5.9449D+08  1.0398D+08  6.3096D+00  1.5066D+00  5.8677D+07 -9.4182D+03  3.2747D+08
    1.2660D+04  2.4229D+03  5.1829D+08  8.4902D+07  5.7544D+00  1.4643D+00  4.6020D+07 -8.2137D+03  2.7629D+08
    1.1546D+04  1.8836D+03  4.5013D+08  6.8604D+07  5.2481D+00  1.4190D+00  3.6385D+07 -7.1922D+03  2.3175D+08
    1.0530D+04  1.4573D+03  3.8956D+08  5.4743D+07  4.7863D+00  1.3707D+00  2.9016D+07 -6.3249D+03  1.9314D+08
    9.6033D+03  1.1212D+03  3.3616D+08  4.3015D+07  4.3652D+00  1.3192D+00  2.3354D+07 -5.5879D+03  1.5977D+08
    8.7584D+03  8.5703D+02  2.8957D+08  3.3152D+07  3.9811D+00  1.2646D+00  1.8981D+07 -4.9609D+03  1.3100D+08
    7.9877D+03  6.4949D+02  2.4946D+08  2.4918D+07  3.6308D+00  1.2070D+00  1.5587D+07 -4.4271D+03  1.0623D+08
    7.2849D+03  4.8626D+02  2.1554D+08  1.8113D+07  3.3113D+00  1.1466D+00  1.2940D+07 -3.9723D+03  8.4862D+07
    6.6439D+03  3.5725D+02  1.8753D+08  1.2574D+07  3.0200D+00  1.0835D+00  1.0866D+07 -3.5845D+03  6.6344D+07
    6.0593D+03  2.5431D+02  1.6522D+08  8.1719D+06  2.7542D+00  1.0183D+00  9.2322D+06 -3.2538D+03  5.0142D+07
    5.5261D+03  1.7087D+02  1.4842D+08  4.8192D+06  2.5119D+00  9.5147D-01  7.9404D+06 -2.9716D+03  3.5740D+07
    5.0399D+03  1.0167D+02  1.3695D+08  2.4668D+06  2.2909D+00  8.8384D-01  6.9145D+06 -2.7307D+03  2.2639D+07
    4.5964D+03  4.2487D+01  1.3070D+08  1.1089D+06  2.0893D+00  8.1647D-01  6.0966D+06 -2.5251D+03  1.0352D+07
    4.1920D+03  4.0004D+00 -6.2825D-04  7.4319D+05  1.9055D+00  7.5076D-01  5.4418D+06 -2.3493D+03  1.6975D+06
    3.8232D+03  4.0004D+00 -6.3116D-04  6.5112D+05  1.7378D+00  6.8850D-01  4.9152D+06 -2.1987D+03  1.6975D+06
    3.4868D+03  4.0004D+00 -6.0301D-04  5.5017D+05  1.5849D+00  6.3203D-01  4.4885D+06 -2.0691D+03  1.6975D+06
    3.1800D+03  4.0004D+00 -5.3700D-04  4.3948D+05  1.4454D+00  5.8428D-01  4.1386D+06 -1.9565D+03  1.6975D+06
    2.9002D+03  4.0158D+00 -7.3779D+05  3.1810D+05  1.3183D+00  5.4896D-01  3.8455D+06 -1.8573D+03  1.7028D+06
    2.6450D+03  3.9127D+00  2.1748D+06  1.8422D+05  1.2023D+00  5.3071D-01  3.5911D+06 -1.7674D+03  1.6635D+06
    2.4122D+03  2.7401D+00  8.5813D+06  5.9017D+04  1.0965D+00  5.3533D-01  3.3581D+06 -1.6831D+03  1.1949D+06
    2.2000D+03 -5.3009D-02  1.8214D+07  1.5895D+01  1.0000D+00  5.7000D-01  3.1293D+06 -1.6000D+03 -2.4079D+04
    2.0064D+03 -3.0022D+00  1.2391D+07  7.3106D+04  9.1201D-01  6.1248D-01  2.8930D+06 -1.5150D+03 -1.4232D+06
    1.8299D+03 -4.7961D+00  8.1914D+06  2.6487D+05  8.3176D-01  6.3785D-01  2.6581D+06 -1.4300D+03 -2.3561D+06
    1.6689D+03 -5.8736D+00  5.2680D+06  5.4908D+05  7.5858D-01  6.4985D-01  2.4340D+06 -1.3476D+03 -2.9704D+06
    1.5220D+03 -6.4656D+00  2.8010D+06  9.0801D+05  6.9183D-01  6.5154D-01  2.2260D+06 -1.2691D+03 -3.3400D+06
    1.3881D+03 -6.6898D+00  5.4415D+05  1.3268D+06  6.3096D-01  6.4539D-01  2.0368D+06 -1.1955D+03 -3.4926D+06
    1.2660D+03 -6.6302D+00 -1.5148D+06  1.7911D+06  5.7544D-01  6.3337D-01  1.8668D+06 -1.1271D+03 -3.4462D+06
    1.1546D+03 -6.3598D+00 -3.3217D+06  2.2870D+06  5.2481D-01  6.1708D-01  1.7155D+06 -1.0640D+03 -3.2213D+06
    1.0530D+03 -5.9444D+00 -4.8264D+06  2.8016D+06  4.7863D-01  5.9780D-01  1.5816D+06 -1.0060D+03 -2.8437D+06
    9.6033D+02 -5.4409D+00 -6.0053D+06  3.3233D+06  4.3652D-01  5.7653D-01  1.4637D+06 -9.5307D+02 -2.3423D+06
    8.7583D+02 -4.8956D+00 -6.8627D+06  3.8423D+06  3.9811D-01  5.5406D-01  1.3601D+06 -9.0471D+02 -1.7473D+06
    7.9877D+02 -4.3436D+00 -7.4241D+06  4.3506D+06  3.6308D-01  5.3103D-01  1.2691D+06 -8.6061D+02 -1.0873D+06
    7.2849D+02 -3.8100D+00 -7.7278D+06  4.8423D+06  3.3113D-01  5.0790D-01  1.1892D+06 -8.2041D+02 -3.8768D+05
    6.6439D+02 -3.3107D+00 -7.8180D+06  5.3129D+06  3.0199D-01  4.8504D-01  1.1191D+06 -7.8374D+02  3.2970D+05
    6.0593D+02 -2.8553D+00 -7.7391D+06  5.7595D+06  2.7542D-01  4.6272D-01  1.0576D+06 -7.5028D+02  1.0473D+06
    5.5261D+02 -2.4476D+00 -7.5325D+06  6.1805D+06  2.5119D-01  4.4115D-01  1.0034D+06 -7.1969D+02  1.7514D+06
    5.0399D+02 -2.0882D+00 -7.2346D+06  6.5753D+06  2.2909D-01  4.2046D-01  9.5580D+05 -6.9170D+02  2.4320D+06
    4.5964D+02 -1.7750D+00 -6.8758D+06  6.9439D+06  2.0893D-01  4.0075D-01  9.1382D+05 -6.6603D+02  3.0822D+06
    4.1920D+02 -1.5047D+00 -6.4810D+06  7.2869D+06  1.9055D-01  3.8207D-01  8.7678D+05 -6.4246D+02  3.6975D+06
    3.8232D+02 -1.2731D+00 -6.0695D+06  7.6054D+06  1.7378D-01  3.6445D-01  8.4405D+05 -6.2075D+02  4.2755D+06
    3.4868D+02 -1.0758D+00 -5.6559D+06  7.9008D+06  1.5849D-01  3.4789D-01  8.1511D+05 -6.0072D+02  4.8155D+06
    3.1800D+02 -9.0840D-01 -5.2508D+06  8.1743D+06  1.4454D-01  3.3239D-01  7.8948D+05 -5.8220D+02  5.3176D+06
    2.9002D+02 -7.6689D-01 -4.8615D+06  8.4275D+06  1.3183D-01  3.1792D-01  7.6678D+05 -5.6503D+02  5.7832D+06
    2.6450D+02 -6.4751D-01 -4.4928D+06  8.6619D+06  1.2023D-01  3.0444D-01  7.4665D+05 -5.4907D+02  6.2138D+06
    2.4122D+02 -5.4695D-01 -4.1473D+06  8.8789D+06  1.0965D-01  2.9191D-01  7.2879D+05 -5.3420D+02  6.6115D+06
    2.2000D+02 -4.6232D-01 -3.8264D+06  9.0800D+06  1.0000D-01  2.8029D-01  7.1294D+05 -5.2031D+02  6.9785D+06
    2.0064D+02 -3.9112D-01 -3.5301D+06  9.2664D+06  9.1201D-02  2.6953D-01  6.9888D+05 -5.0730D+02  7.3171D+06
    1.8299D+02 -3.3120D-01 -3.2579D+06  9.4394D+06  8.3176D-02  2.5959D-01  6.8639D+05 -4.9509D+02  7.6295D+06
    1.6689D+02 -2.8075D-01 -3.0087D+06  9.6002D+06  7.5858D-02  2.5041D-01  6.7532D+05 -4.8360D+02  7.9179D+06
    1.5220D+02 -2.3824D-01 -2.7810D+06  9.7497D+06  6.9183D-02  2.4194D-01  6.6551D+05 -4.7276D+02  8.1844D+06
    1.3881D+02 -2.0239D-01 -2.5733D+06  9.8888D+06  6.3096D-02  2.3415D-01  6.5683D+05 -4.6251D+02  8.4308D+06
    1.2660D+02 -1.7211D-01 -2.3839D+06  1.0019D+07  5.7544D-02  2.2697D-01  6.4915D+05 -4.5280D+02  8.6590D+06
    1.1546D+02 -1.4652D-01 -2.2112D+06  1.0140D+07  5.2481D-02  2.2037D-01  6.4237D+05 -4.4357D+02  8.8705D+06
    1.0530D+02 -1.2486D-01 -2.0537D+06  1.0252D+07  4.7863D-02  2.1431D-01  6.3641D+05 -4.3478D+02  9.0668D+06
    9.6033D+01 -1.0650D-01 -1.9099D+06  1.0358D+07  4.3651D-02  2.0875D-01  6.3117D+05 -4.2639D+02  9.2492D+06
    8.7583D+01 -9.0912D-02 -1.7784D+06  1.0457D+07  3.9811D-02  2.0364D-01  6.2660D+05 -4.1837D+02  9.4189D+06
    7.9877D+01 -7.7671D-02 -1.6579D+06  1.0549D+07  3.6308D-02  1.9896D-01  6.2262D+05 -4.1069D+02  9.5771D+06
    7.2849D+01 -6.6406D-02 -1.5475D+06  1.0636D+07  3.3113D-02  1.9467D-01  6.1917D+05 -4.0331D+02  9.7247D+06
    6.6439D+01 -5.6812D-02 -1.4459D+06  1.0718D+07  3.0199D-02  1.9074D-01  6.1622D+05 -3.9622D+02  9.8624D+06
    6.0593D+01 -4.8633D-02 -1.3523D+06  1.0794D+07  2.7542D-02  1.8714D-01  6.1370D+05 -3.8938D+02  9.9912D+06
    5.5261D+01 -4.1652D-02 -1.2660D+06  1.0866D+07  2.5119D-02  1.8384D-01  6.1157D+05 -3.8279D+02  1.0112D+07
    5.0399D+01 -3.5690D-02 -1.1862D+06  1.0933D+07  2.2909D-02  1.8083D-01  6.0981D+05 -3.7641D+02  1.0225D+07
    4.5964D+01 -3.0593D-02 -1.1123D+06  1.0996D+07  2.0893D-02  1.7807D-01  6.0838D+05 -3.7024D+02  1.0330D+07
    4.1920D+01 -2.6233D-02 -1.0436D+06  1.1055D+07  1.9055D-02  1.7555D-01  6.0725D+05 -3.6426D+02  1.0430D+07
    3.8232D+01 -2.2501D-02 -9.7982D+05  1.1111D+07  1.7378D-02  1.7324D-01  6.0639D+05 -3.5846D+02  1.0523D+07
    3.4868D+01 -1.9304D-02 -9.2039D+05  1.1164D+07  1.5849D-02  1.7113D-01  6.0577D+05 -3.5282D+02  1.0610D+07
    3.1800D+01 -1.6565D-02 -8.6497D+05  1.1213D+07  1.4454D-02  1.6920D-01  6.0538D+05 -3.4733D+02  1.0693D+07
    2.9002D+01 -1.4217D-02 -8.1320D+05  1.1260D+07  1.3183D-02  1.6744D-01  6.0520D+05 -3.4199D+02  1.0770D+07
    2.6450D+01 -1.2204D-02 -7.6480D+05  1.1304D+07  1.2023D-02  1.6583D-01  6.0521D+05 -3.3678D+02  1.0842D+07
    2.4122D+01 -1.0476D-02 -7.1947D+05  1.1345D+07  1.0965D-02  1.6436D-01  6.0538D+05 -3.3170D+02  1.0911D+07
    2.2000D+01 -8.9939D-03 -6.7700D+05  1.1384D+07  1.0000D-02  1.6302D-01  6.0571D+05 -3.2674D+02  1.0975D+07
    2.0064D+01 -7.7218D-03 -6.3715D+05  1.1420D+07  9.1201D-03  1.6180D-01  6.0619D+05 -3.2189D+02  1.1036D+07
    1.8299D+01 -6.6298D-03 -5.9974D+05  1.1455D+07  8.3176D-03  1.6068D-01  6.0680D+05 -3.1714D+02  1.1092D+07
    1.6689D+01 -5.6923D-03 -5.6460D+05  1.1487D+07  7.5858D-03  1.5965D-01  6.0753D+05 -3.1250D+02  1.1146D+07
    1.5220D+01 -4.8874D-03 -5.3157D+05  1.1518D+07  6.9183D-03  1.5872D-01  6.0837D+05 -3.0795D+02  1.1197D+07
    1.3881D+01 -4.1962D-03 -5.0050D+05  1.1546D+07  6.3096D-03  1.5787D-01  6.0931D+05 -3.0349D+02  1.1244D+07
    1.2660D+01 -3.6027D-03 -4.7127D+05  1.1573D+07  5.7544D-03  1.5709D-01  6.1034D+05 -2.9912D+02  1.1289D+07
    1.1546D+01 -3.0929D-03 -4.4375D+05  1.1599D+07  5.2481D-03  1.5638D-01  6.1146D+05 -2.9484D+02  1.1331D+07
    1.0530D+01 -2.6552D-03 -4.1784D+05  1.1623D+07  4.7863D-03  1.5574D-01  6.1265D+05 -2.9063D+02  1.1371D+07
    9.6033D+00 -2.2793D-03 -3.9344D+05  1.1645D+07  4.3651D-03  1.5514D-01  6.1392D+05 -2.8650D+02  1.1408D+07
    8.7583D+00 -1.9565D-03 -3.7046D+05  1.1666D+07  3.9811D-03  1.5461D-01  6.1526D+05 -2.8244D+02  1.1443D+07
    7.9877D+00 -1.6793D-03 -3.4880D+05  1.1686D+07  3.6308D-03  1.5411D-01  6.1665D+05 -2.7845D+02  1.1476D+07
    7.2849D+00 -1.4413D-03 -3.2840D+05  1.1705D+07  3.3113D-03  1.5366D-01  6.1811D+05 -2.7453D+02  1.1507D+07
    6.6439D+00 -1.2370D-03 -3.0917D+05  1.1723D+07  3.0199D-03  1.5326D-01  6.1961D+05 -2.7068D+02  1.1537D+07
    6.0593D+00 -1.0615D-03 -2.9105D+05  1.1740D+07  2.7542D-03  1.5288D-01  6.2117D+05 -2.6689D+02  1.1564D+07
    5.5261D+00 -9.1083D-04 -2.7398D+05  1.1755D+07  2.5119D-03  1.5254D-01  6.2277D+05 -2.6316D+02  1.1590D+07
    5.0399D+00 -7.8150D-04 -2.5789D+05  1.1770D+07  2.2909D-03  1.5223D-01  6.2441D+05 -2.5950D+02  1.1615D+07
    4.5964D+00 -6.7049D-04 -2.4272D+05  1.1784D+07  2.0893D-03  1.5195D-01  6.2609D+05 -2.5589D+02  1.1638D+07
    4.1920D+00 -5.7519D-04 -2.2843D+05  1.1797D+07  1.9055D-03  1.5169D-01  6.2780D+05 -2.5233D+02  1.1660D+07
    3.8231D+00 -4.9341D-04 -2.1497D+05  1.1809D+07  1.7378D-03  1.5145D-01  6.2955D+05 -2.4884D+02  1.1680D+07
    3.4868D+00 -4.2321D-04 -2.0228D+05  1.1821D+07  1.5849D-03  1.5124D-01  6.3133D+05 -2.4539D+02  1.1699D+07
    3.1800D+00 -3.6298D-04 -1.9032D+05  1.1831D+07  1.4454D-03  1.5104D-01  6.3314D+05 -2.4200D+02  1.1717D+07
    2.9002D+00 -3.1129D-04 -1.7906D+05  1.1842D+07  1.3183D-03  1.5086D-01  6.3497D+05 -2.3866D+02  1.1734D+07
    2.6450D+00 -2.6695D-04 -1.6845D+05  1.1851D+07  1.2023D-03  1.5070D-01  6.3684D+05 -2.3537D+02  1.1750D+07
    2.4122D+00 -2.2890D-04 -1.5845D+05  1.1860D+07  1.0965D-03  1.5055D-01  6.3872D+05 -2.3212D+02  1.1765D+07
    2.2000D+00 -1.9626D-04 -1.4904D+05  1.1869D+07  1.0000D-03  1.5041D-01  6.4063D+05 -2.2893D+02  1.1780D+07


   HUGONIOT

      RHO          T           P          PC           E           S           V           U       RHO/RHOO  #IT  STATE
    kg/m**3        K          GPa        GPa          J/kg      J/kg-K       km/sec      km/sec

  2.2000D+03  2.9800D+02  1.0000D-04 -5.2966D-02  4.3369D+04  1.7886D+02  4.2696D+00  0.0000D+00  1.0000D+00  0  INITIAL
  2.2524D+03  3.0175D+02  8.9173D-01  8.3792D-01  4.8082D+04  1.7855D+02  4.1752D+00  9.7070D-02  1.0238D+00  3  SOLID  
  2.3175D+03  3.0465D+02  1.8043D+00  1.7503D+00  6.4167D+04  1.7557D+02  4.0212D+00  2.0394D-01  1.0534D+00  5  SOLID  
  4.3356D+03  8.1239D+02  9.7844D+00  8.6007D+00  1.1387D+06  6.4491D+02  3.0048D+00  1.4801D+00  1.9707D+00  8  SOLID  
  4.3411D+03  9.2845D+02  1.0926D+01  9.3190D+00  1.2681D+06  7.9014D+02  3.1732D+00  1.5651D+00  1.9732D+00  2  SOLID  
  4.3471D+03  1.0445D+03  1.2154D+01  1.0089D+01  1.4077D+06  9.2802D+02  3.3444D+00  1.6518D+00  1.9759D+00  2  SOLID  
  4.3533D+03  1.1606D+03  1.3448D+01  1.0898D+01  1.5551D+06  1.0580D+03  3.5153D+00  1.7388D+00  1.9788D+00  2  SOLID  
  4.3664D+03  1.3927D+03  1.6175D+01  1.2592D+01  1.8673D+06  1.2950D+03  3.8494D+00  1.9099D+00  1.9847D+00  2  SOLID  
  4.3800D+03  1.6248D+03  1.9026D+01  1.4350D+01  2.1956D+06  1.5046D+03  4.1684D+00  2.0747D+00  1.9909D+00  2  SOLID  
  4.3938D+03  1.8569D+03  2.1956D+01  1.6141D+01  2.5349D+06  1.6913D+03  4.4708D+00  2.2323D+00  1.9972D+00  2  SOLID  
  4.4078D+03  2.0890D+03  2.4936D+01  1.7948D+01  2.8821D+06  1.8589D+03  4.7571D+00  2.3827D+00  2.0035D+00  2  SOLID  
  4.4217D+03  2.3211D+03  2.7950D+01  1.9759D+01  3.2352D+06  2.0106D+03  5.0284D+00  2.5266D+00  2.0099D+00  2  SOLID  
  4.4565D+03  2.9014D+03  3.5565D+01  2.4265D+01  4.1360D+06  2.3354D+03  5.6504D+00  2.8610D+00  2.0257D+00  2  SOLID  
  4.4906D+03  3.4817D+03  4.3226D+01  2.8699D+01  5.0546D+06  2.6029D+03  6.2064D+00  3.1658D+00  2.0412D+00  2  SOLID  
  4.5240D+03  4.0620D+03  5.0894D+01  3.3039D+01  5.9854D+06  2.8297D+03  6.7107D+00  3.4473D+00  2.0564D+00  2  SOLID  
  4.5565D+03  4.6423D+03  5.8552D+01  3.7278D+01  6.9256D+06  3.0262D+03  7.1736D+00  3.7100D+00  2.0712D+00  2  SOLID  
  4.6276D+03  5.2225D+03  7.5598D+01  4.6562D+01  9.0566D+06  3.4027D+03  8.0934D+00  4.2457D+00  2.1035D+00  2  LIQUID 
  4.6554D+03  5.8028D+03  8.2712D+01  5.0214D+01  9.9582D+06  3.5478D+03  8.4428D+00  4.4530D+00  2.1161D+00  2  LIQUID 
  4.6827D+03  6.3831D+03  8.9834D+01  5.3798D+01  1.0868D+07  3.6795D+03  8.7759D+00  4.6529D+00  2.1285D+00  2  LIQUID 
  4.7094D+03  6.9634D+03  9.6961D+01  5.7314D+01  1.1786D+07  3.7999D+03  9.0946D+00  4.8461D+00  2.1406D+00  2  LIQUID 
  4.7356D+03  7.5437D+03  1.0409D+02  6.0764D+01  1.2710D+07  3.9110D+03  9.4004D+00  5.0332D+00  2.1525D+00  2  LIQUID 
  4.7611D+03  8.1239D+03  1.1122D+02  6.4148D+01  1.3641D+07  4.0140D+03  9.6946D+00  5.2149D+00  2.1641D+00  2  LIQUID 
  4.7862D+03  8.7042D+03  1.1836D+02  6.7468D+01  1.4578D+07  4.1100D+03  9.9783D+00  5.3917D+00  2.1755D+00  2  LIQUID 
  4.8107D+03  9.2845D+03  1.2549D+02  7.0726D+01  1.5521D+07  4.1999D+03  1.0252D+01  5.5638D+00  2.1867D+00  2  LIQUID 
  4.8346D+03  9.8648D+03  1.3263D+02  7.3922D+01  1.6470D+07  4.2845D+03  1.0518D+01  5.7318D+00  2.1976D+00  2  LIQUID 
  4.8581D+03  1.0445D+04  1.3977D+02  7.7059D+01  1.7424D+07  4.3643D+03  1.0776D+01  5.8958D+00  2.2082D+00  2  LIQUID 
  4.8811D+03  1.1025D+04  1.4691D+02  8.0139D+01  1.8383D+07  4.4399D+03  1.1026D+01  6.0563D+00  2.2187D+00  2  LIQUID 
  4.9036D+03  1.1606D+04  1.5405D+02  8.3164D+01  1.9347D+07  4.5116D+03  1.1270D+01  6.2134D+00  2.2289D+00  2  LIQUID 
  4.9473D+03  1.2766D+04  1.6834D+02  8.9055D+01  2.1289D+07  4.6450D+03  1.1739D+01  6.5186D+00  2.2488D+00  2  LIQUID 
  4.9892D+03  1.3927D+04  1.8265D+02  9.4748D+01  2.3250D+07  4.7670D+03  1.2186D+01  6.8128D+00  2.2678D+00  2  LIQUID 
  5.0296D+03  1.5087D+04  1.9698D+02  1.0026D+02  2.5230D+07  4.8794D+03  1.2615D+01  7.0974D+00  2.2862D+00  2  LIQUID 
  5.0686D+03  1.6248D+04  2.1134D+02  1.0560D+02  2.7227D+07  4.9837D+03  1.3028D+01  7.3734D+00  2.3039D+00  2  LIQUID 
  5.1062D+03  1.7408D+04  2.2574D+02  1.1079D+02  2.9243D+07  5.0809D+03  1.3427D+01  7.6419D+00  2.3210D+00  2  LIQUID 
  5.1778D+03  1.9730D+04  2.5466D+02  1.2074D+02  3.3329D+07  5.2580D+03  1.4187D+01  8.1591D+00  2.3535D+00  2  LIQUID 
  5.2772D+03  2.3211D+04  2.9842D+02  1.3475D+02  3.9592D+07  5.4896D+03  1.5252D+01  8.8937D+00  2.3987D+00  3  LIQUID 
  5.4256D+03  2.9014D+04  3.7256D+02  1.5608D+02  5.0382D+07  5.8122D+03  1.6877D+01  1.0034D+01  2.4662D+00  3  LIQUID 
  5.5560D+03  3.4817D+04  4.4820D+02  1.7531D+02  6.1572D+07  6.0814D+03  1.8365D+01  1.1093D+01  2.5254D+00  3  LIQUID 
  5.7737D+03  4.6423D+04  6.0329D+02  2.0851D+02  8.4910D+07  6.5215D+03  2.1048D+01  1.3028D+01  2.6244D+00  3  LIQUID 
  5.9456D+03  5.8028D+04  7.6197D+02  2.3575D+02  1.0914D+08  6.8801D+03  2.3447D+01  1.4771D+01  2.7025D+00  3  LIQUID 
  6.0823D+03  6.9634D+04  9.2283D+02  2.5813D+02  1.3392D+08  7.1871D+03  2.5635D+01  1.6363D+01  2.7647D+00  3  LIQUID 
  6.1923D+03  8.1239D+04  1.0850D+03  2.7660D+02  1.5902D+08  7.4577D+03  2.7657D+01  1.7831D+01  2.8147D+00  3  LIQUID 
  6.2818D+03  9.2845D+04  1.2478D+03  2.9196D+02  1.8431D+08  7.7006D+03  2.9544D+01  1.9197D+01  2.8554D+00  2  LIQUID 
  6.3555D+03  1.0445D+05  1.4110D+03  3.0483D+02  2.0971D+08  7.9217D+03  3.1319D+01  2.0478D+01  2.8888D+00  2  LIQUID 
  6.4199D+03  1.1606D+05  1.5774D+03  3.1626D+02  2.3569D+08  8.1286D+03  3.3027D+01  2.1709D+01  2.9182D+00  3  LIQUID 


 EOS package call numbers
        ANEOS number =      -1        ALL 
 Calls to
 ANEOS                     1969      1969
 ANEOS1                   82700     82700
 ANION2                   84070     84070
 ANEOS1 from ANEOSV        1574      1574
 ANE2PH from ANEOSV         113       113
 ANEOS1 from ANE2PH         790       790
 ANEOS1 from ANELSM       80336     80336
 ANEOS1/ANEOSV        4.200E+01 4.200E+01
 ANION2 iter. count   1.537E+00 1.537E+00
 Calls to eos tables =         0
